{"meta": {"format": 3, "version": "7.13.5", "timestamp": "2026-05-03T00:35:02.560337", "branch_coverage": false, "show_contexts": false}, "files": {"iqoptionapi\\api.py": {"executed_lines": [1, 2, 3, 4, 5, 6, 7, 8, 9, 10, 11, 12, 13, 14, 15, 16, 17, 18, 19, 20, 21, 22, 23, 24, 25, 26, 27, 29, 30, 31, 32, 33, 34, 35, 36, 37, 38, 39, 40, 41, 43, 44, 45, 46, 47, 48, 49, 51, 52, 53, 54, 55, 58, 59, 60, 61, 62, 63, 64, 65, 66, 67, 68, 69, 70, 72, 73, 74, 75, 76, 77, 80, 81, 88, 93, 100, 103, 104, 105, 106, 107, 108, 109, 110, 111, 112, 113, 114, 115, 116, 117, 118, 119, 120, 121, 122, 123, 124, 125, 126, 127, 128, 129, 130, 131, 132, 133, 134, 135, 136, 137, 138, 139, 140, 141, 142, 143, 144, 145, 146, 147, 148, 149, 150, 151, 152, 153, 154, 155, 156, 157, 158, 159, 160, 161, 162, 163, 164, 165, 166, 167, 168, 169, 170, 171, 172, 177, 178, 181, 182, 183, 184, 185, 186, 187, 190, 191, 194, 196, 199, 200, 201, 202, 206, 207, 208, 211, 212, 213, 216, 217, 218, 219, 220, 221, 222, 223, 224, 225, 226, 227, 228, 229, 230, 231, 232, 233, 234, 235, 236, 237, 238, 241, 242, 243, 244, 245, 246, 247, 248, 249, 250, 251, 252, 253, 254, 255, 256, 257, 258, 259, 261, 262, 263, 266, 267, 268, 271, 272, 275, 287, 302, 312, 340, 368, 369, 374, 375, 376, 378, 386, 389, 390, 391, 392, 396, 397, 399, 401, 402, 403, 406, 408, 418, 419, 427, 428, 434, 436, 437, 445, 446, 454, 455, 463, 464, 472, 473, 481, 482, 490, 491, 507, 511, 514, 515, 523, 524, 527, 528, 536, 537, 546, 547, 556, 557, 563, 565, 566, 567, 569, 570, 573, 574, 575, 577, 578, 579, 581, 582, 585, 586, 588, 589, 591, 592, 596, 597, 606, 607, 610, 611, 616, 617, 620, 621, 627, 628, 634, 635, 644, 645, 648, 649, 657, 658, 661, 699, 704, 716, 719, 732, 740, 741, 744, 745, 748, 749, 752, 753, 759, 760, 768, 769, 772, 773, 781, 784, 793, 794, 797, 798, 801, 802, 807, 808, 809, 811, 812, 815, 816, 825, 826, 829, 830, 834, 835, 842, 844, 845, 846, 848, 849, 850, 852, 853, 854, 856, 857, 858, 860, 874, 875, 879, 880, 883, 884, 887, 888, 891, 892, 895, 896, 899, 900, 903, 904, 907, 908, 911, 912, 915, 916, 919, 920, 923, 924, 927, 928, 931, 932, 935, 936, 940, 941, 946, 947, 952, 954, 955, 956, 958, 959, 960, 961, 962, 965, 969, 971, 981, 982, 985, 987, 988, 989, 994, 996, 998, 1000, 1005, 1006, 1008, 1010, 1011, 1013, 1014, 1015, 1016, 1025, 1026, 1029, 1034, 1038, 1039, 1040, 1041, 1042, 1047, 1048, 1049, 1050, 1053, 1054, 1055, 1056, 1058, 1059, 1060, 1062, 1065, 1066, 1067, 1068, 1069, 1071, 1072, 1075, 1077, 1078, 1079, 1084, 1085, 1086, 1095, 1096, 1097, 1098, 1115, 1117, 1119, 1120, 1125, 1127, 1131, 1148, 1149, 1150, 1151, 1152, 1153, 1168, 1180, 1182, 1190, 1191, 1192, 1193, 1196, 1197, 1198, 1199, 1204, 1207, 1208, 1211, 1212, 1215, 1216, 1219, 1220, 1223, 1224], "summary": {"covered_lines": 512, "num_statements": 715, "percent_covered": 71.60839160839161, "percent_covered_display": "72", "missing_lines": 203, "excluded_lines": 0, "percent_statements_covered": 71.60839160839161, "percent_statements_covered_display": "72"}, "missing_lines": [203, 277, 278, 279, 280, 281, 282, 283, 284, 285, 289, 290, 291, 292, 293, 294, 295, 296, 297, 298, 299, 300, 310, 324, 325, 327, 329, 334, 335, 337, 338, 352, 354, 356, 362, 363, 366, 394, 404, 410, 411, 412, 413, 414, 415, 416, 425, 443, 452, 461, 470, 479, 488, 497, 521, 525, 534, 543, 553, 571, 583, 587, 590, 593, 603, 608, 612, 618, 622, 629, 637, 642, 646, 655, 659, 665, 666, 667, 668, 675, 676, 685, 686, 696, 722, 729, 735, 737, 742, 746, 750, 754, 766, 770, 779, 782, 786, 790, 795, 799, 803, 813, 822, 823, 827, 831, 861, 872, 876, 881, 885, 889, 893, 897, 901, 905, 909, 913, 917, 921, 925, 929, 933, 937, 942, 948, 990, 991, 992, 995, 997, 1017, 1021, 1022, 1023, 1024, 1030, 1031, 1035, 1036, 1045, 1051, 1080, 1099, 1100, 1101, 1102, 1103, 1104, 1105, 1106, 1107, 1109, 1110, 1111, 1112, 1113, 1121, 1122, 1123, 1124, 1128, 1133, 1135, 1137, 1138, 1139, 1140, 1141, 1142, 1143, 1144, 1154, 1155, 1157, 1159, 1160, 1161, 1162, 1163, 1164, 1165, 1166, 1169, 1171, 1172, 1175, 1176, 1177, 1178, 1183, 1184, 1185, 1186, 1188, 1194, 1195, 1205, 1209, 1213, 1217, 1221, 1225], "excluded_lines": [], "functions": {"IQOptionAPI.__init__": {"executed_lines": [100, 103, 104, 105, 106, 107, 108, 109, 110, 111, 112, 113, 114, 115, 116, 117, 118, 119, 120, 121, 122, 123, 124, 125, 126, 127, 128, 129, 130, 131, 132, 133, 134, 135, 136, 137, 138, 139, 140, 141, 142, 143, 144, 145, 146, 147, 148, 149, 150, 151, 152, 153, 154, 155, 156, 157, 158, 159, 160, 161, 162, 163, 164, 165, 166, 167, 168, 169, 170, 171, 172, 177, 178, 181, 182, 183, 184, 185, 186, 187, 190, 191, 194, 196, 199, 200, 201, 202, 206, 207, 208, 211, 212, 213, 216, 217, 218, 219, 220, 221, 222, 223, 224, 225, 226, 227, 228, 229, 230, 231, 232, 233, 234, 235, 236, 237, 238, 241, 242, 243, 244, 245, 246, 247, 248, 249, 250, 251, 252, 253, 254, 255, 256, 257, 258, 259, 261, 262, 263, 266, 267, 268, 271, 272], "summary": {"covered_lines": 144, "num_statements": 145, "percent_covered": 99.3103448275862, "percent_covered_display": "99", "missing_lines": 1, "excluded_lines": 0, "percent_statements_covered": 99.3103448275862, "percent_statements_covered_display": "99"}, "missing_lines": [203], "excluded_lines": [], "start_line": 93}, "IQOptionAPI._init_ws_debug_logger": {"executed_lines": [], "summary": {"covered_lines": 0, "num_statements": 9, "percent_covered": 0.0, "percent_covered_display": "0", "missing_lines": 9, "excluded_lines": 0, "percent_statements_covered": 0.0, "percent_statements_covered_display": "0"}, "missing_lines": [277, 278, 279, 280, 281, 282, 283, 284, 285], "excluded_lines": [], "start_line": 275}, "IQOptionAPI._log_ws_debug": {"executed_lines": [], "summary": {"covered_lines": 0, "num_statements": 12, "percent_covered": 0.0, "percent_covered_display": "0", "missing_lines": 12, "excluded_lines": 0, "percent_statements_covered": 0.0, "percent_statements_covered_display": "0"}, "missing_lines": [289, 290, 291, 292, 293, 294, 295, 296, 297, 298, 299, 300], "excluded_lines": [], "start_line": 287}, "IQOptionAPI.prepare_http_url": {"executed_lines": [], "summary": {"covered_lines": 0, "num_statements": 1, "percent_covered": 0.0, "percent_covered_display": "0", "missing_lines": 1, "excluded_lines": 0, "percent_statements_covered": 0.0, "percent_statements_covered_display": "0"}, "missing_lines": [310], "excluded_lines": [], "start_line": 302}, "IQOptionAPI.send_http_request": {"executed_lines": [], "summary": {"covered_lines": 0, "num_statements": 8, "percent_covered": 0.0, "percent_covered_display": "0", "missing_lines": 8, "excluded_lines": 0, "percent_statements_covered": 0.0, "percent_statements_covered_display": "0"}, "missing_lines": [324, 325, 327, 329, 334, 335, 337, 338], "excluded_lines": [], "start_line": 312}, "IQOptionAPI.send_http_request_v2": {"executed_lines": [], "summary": {"covered_lines": 0, "num_statements": 6, "percent_covered": 0.0, "percent_covered_display": "0", "missing_lines": 6, "excluded_lines": 0, "percent_statements_covered": 0.0, "percent_statements_covered_display": "0"}, "missing_lines": [352, 354, 356, 362, 363, 366], "excluded_lines": [], "start_line": 340}, "IQOptionAPI.websocket": {"executed_lines": [374, 375, 376], "summary": {"covered_lines": 3, "num_statements": 3, "percent_covered": 100.0, "percent_covered_display": "100", "missing_lines": 0, "excluded_lines": 0, "percent_statements_covered": 100.0, "percent_statements_covered_display": "100"}, "missing_lines": [], "excluded_lines": [], "start_line": 369}, "IQOptionAPI.send_websocket_request": {"executed_lines": [386, 389, 390, 391, 392, 396, 397, 399, 401, 402, 403, 406], "summary": {"covered_lines": 12, "num_statements": 14, "percent_covered": 85.71428571428571, "percent_covered_display": "86", "missing_lines": 2, "excluded_lines": 0, "percent_statements_covered": 85.71428571428571, "percent_statements_covered_display": "86"}, "missing_lines": [394, 404], "excluded_lines": [], "start_line": 378}, "IQOptionAPI.remove_pending_buy_id": {"executed_lines": [], "summary": {"covered_lines": 0, "num_statements": 7, "percent_covered": 0.0, "percent_covered_display": "0", "missing_lines": 7, "excluded_lines": 0, "percent_statements_covered": 0.0, "percent_statements_covered_display": "0"}, "missing_lines": [410, 411, 412, 413, 414, 415, 416], "excluded_lines": [], "start_line": 408}, "IQOptionAPI.logout": {"executed_lines": [], "summary": {"covered_lines": 0, "num_statements": 1, "percent_covered": 0.0, "percent_covered_display": "0", "missing_lines": 1, "excluded_lines": 0, "percent_statements_covered": 0.0, "percent_statements_covered_display": "0"}, "missing_lines": [425], "excluded_lines": [], "start_line": 419}, "IQOptionAPI.login": {"executed_lines": [434], "summary": {"covered_lines": 1, "num_statements": 1, "percent_covered": 100.0, "percent_covered_display": "100", "missing_lines": 0, "excluded_lines": 0, "percent_statements_covered": 100.0, "percent_statements_covered_display": "100"}, "missing_lines": [], "excluded_lines": [], "start_line": 428}, "IQOptionAPI.login_2fa": {"executed_lines": [], "summary": {"covered_lines": 0, "num_statements": 1, "percent_covered": 0.0, "percent_covered_display": "0", "missing_lines": 1, "excluded_lines": 0, "percent_statements_covered": 0.0, "percent_statements_covered_display": "0"}, "missing_lines": [443], "excluded_lines": [], "start_line": 437}, "IQOptionAPI.send_sms_code": {"executed_lines": [], "summary": {"covered_lines": 0, "num_statements": 1, "percent_covered": 0.0, "percent_covered_display": "0", "missing_lines": 1, "excluded_lines": 0, "percent_statements_covered": 0.0, "percent_statements_covered_display": "0"}, "missing_lines": [452], "excluded_lines": [], "start_line": 446}, "IQOptionAPI.verify_2fa": {"executed_lines": [], "summary": {"covered_lines": 0, "num_statements": 1, "percent_covered": 0.0, "percent_covered_display": "0", "missing_lines": 1, "excluded_lines": 0, "percent_statements_covered": 0.0, "percent_statements_covered_display": "0"}, "missing_lines": [461], "excluded_lines": [], "start_line": 455}, "IQOptionAPI.loginv2": {"executed_lines": [], "summary": {"covered_lines": 0, "num_statements": 1, "percent_covered": 0.0, "percent_covered_display": "0", "missing_lines": 1, "excluded_lines": 0, "percent_statements_covered": 0.0, "percent_statements_covered_display": "0"}, "missing_lines": [470], "excluded_lines": [], "start_line": 464}, "IQOptionAPI.auth": {"executed_lines": [], "summary": {"covered_lines": 0, "num_statements": 1, "percent_covered": 0.0, "percent_covered_display": "0", "missing_lines": 1, "excluded_lines": 0, "percent_statements_covered": 0.0, "percent_statements_covered_display": "0"}, "missing_lines": [479], "excluded_lines": [], "start_line": 473}, "IQOptionAPI.appinit": {"executed_lines": [], "summary": {"covered_lines": 0, "num_statements": 1, "percent_covered": 0.0, "percent_covered_display": "0", "missing_lines": 1, "excluded_lines": 0, "percent_statements_covered": 0.0, "percent_statements_covered_display": "0"}, "missing_lines": [488], "excluded_lines": [], "start_line": 482}, "IQOptionAPI.token": {"executed_lines": [], "summary": {"covered_lines": 0, "num_statements": 1, "percent_covered": 0.0, "percent_covered_display": "0", "missing_lines": 1, "excluded_lines": 0, "percent_statements_covered": 0.0, "percent_statements_covered_display": "0"}, "missing_lines": [497], "excluded_lines": [], "start_line": 491}, "IQOptionAPI.reset_training_balance": {"executed_lines": [511], "summary": {"covered_lines": 1, "num_statements": 1, "percent_covered": 100.0, "percent_covered_display": "100", "missing_lines": 0, "excluded_lines": 0, "percent_statements_covered": 100.0, "percent_statements_covered_display": "100"}, "missing_lines": [], "excluded_lines": [], "start_line": 507}, "IQOptionAPI.changebalance": {"executed_lines": [], "summary": {"covered_lines": 0, "num_statements": 1, "percent_covered": 0.0, "percent_covered_display": "0", "missing_lines": 1, "excluded_lines": 0, "percent_statements_covered": 0.0, "percent_statements_covered_display": "0"}, "missing_lines": [521], "excluded_lines": [], "start_line": 515}, "IQOptionAPI.events": {"executed_lines": [], "summary": {"covered_lines": 0, "num_statements": 1, "percent_covered": 0.0, "percent_covered_display": "0", "missing_lines": 1, "excluded_lines": 0, "percent_statements_covered": 0.0, "percent_statements_covered_display": "0"}, "missing_lines": [525], "excluded_lines": [], "start_line": 524}, "IQOptionAPI.billing": {"executed_lines": [], "summary": {"covered_lines": 0, "num_statements": 1, "percent_covered": 0.0, "percent_covered_display": "0", "missing_lines": 1, "excluded_lines": 0, "percent_statements_covered": 0.0, "percent_statements_covered_display": "0"}, "missing_lines": [534], "excluded_lines": [], "start_line": 528}, "IQOptionAPI.buyback": {"executed_lines": [], "summary": {"covered_lines": 0, "num_statements": 1, "percent_covered": 0.0, "percent_covered_display": "0", "missing_lines": 1, "excluded_lines": 0, "percent_statements_covered": 0.0, "percent_statements_covered_display": "0"}, "missing_lines": [543], "excluded_lines": [], "start_line": 537}, "IQOptionAPI.getprofile": {"executed_lines": [], "summary": {"covered_lines": 0, "num_statements": 1, "percent_covered": 0.0, "percent_covered_display": "0", "missing_lines": 1, "excluded_lines": 0, "percent_statements_covered": 0.0, "percent_statements_covered_display": "0"}, "missing_lines": [553], "excluded_lines": [], "start_line": 547}, "IQOptionAPI.get_balances": {"executed_lines": [563], "summary": {"covered_lines": 1, "num_statements": 1, "percent_covered": 100.0, "percent_covered_display": "100", "missing_lines": 0, "excluded_lines": 0, "percent_statements_covered": 100.0, "percent_statements_covered_display": "100"}, "missing_lines": [], "excluded_lines": [], "start_line": 557}, "IQOptionAPI.get_instruments": {"executed_lines": [567], "summary": {"covered_lines": 1, "num_statements": 1, "percent_covered": 100.0, "percent_covered_display": "100", "missing_lines": 0, "excluded_lines": 0, "percent_statements_covered": 100.0, "percent_statements_covered_display": "100"}, "missing_lines": [], "excluded_lines": [], "start_line": 566}, "IQOptionAPI.get_financial_information": {"executed_lines": [], "summary": {"covered_lines": 0, "num_statements": 1, "percent_covered": 0.0, "percent_covered_display": "0", "missing_lines": 1, "excluded_lines": 0, "percent_statements_covered": 0.0, "percent_statements_covered_display": "0"}, "missing_lines": [571], "excluded_lines": [], "start_line": 570}, "IQOptionAPI.buy_blitz": {"executed_lines": [575], "summary": {"covered_lines": 1, "num_statements": 1, "percent_covered": 100.0, "percent_covered_display": "100", "missing_lines": 0, "excluded_lines": 0, "percent_statements_covered": 100.0, "percent_statements_covered_display": "100"}, "missing_lines": [], "excluded_lines": [], "start_line": 574}, "IQOptionAPI.place_stop_order": {"executed_lines": [579], "summary": {"covered_lines": 1, "num_statements": 1, "percent_covered": 100.0, "percent_covered_display": "100", "missing_lines": 0, "excluded_lines": 0, "percent_statements_covered": 100.0, "percent_statements_covered_display": "100"}, "missing_lines": [], "excluded_lines": [], "start_line": 578}, "IQOptionAPI.subscribe_instruments_list": {"executed_lines": [], "summary": {"covered_lines": 0, "num_statements": 1, "percent_covered": 0.0, "percent_covered_display": "0", "missing_lines": 1, "excluded_lines": 0, "percent_statements_covered": 0.0, "percent_statements_covered_display": "0"}, "missing_lines": [583], "excluded_lines": [], "start_line": 582}, "IQOptionAPI.unsubscribe_instruments_list": {"executed_lines": [], "summary": {"covered_lines": 0, "num_statements": 1, "percent_covered": 0.0, "percent_covered_display": "0", "missing_lines": 1, "excluded_lines": 0, "percent_statements_covered": 0.0, "percent_statements_covered_display": "0"}, "missing_lines": [587], "excluded_lines": [], "start_line": 586}, "IQOptionAPI.subscribe_short_active_info": {"executed_lines": [], "summary": {"covered_lines": 0, "num_statements": 1, "percent_covered": 0.0, "percent_covered_display": "0", "missing_lines": 1, "excluded_lines": 0, "percent_statements_covered": 0.0, "percent_statements_covered_display": "0"}, "missing_lines": [590], "excluded_lines": [], "start_line": 589}, "IQOptionAPI.create_alert": {"executed_lines": [], "summary": {"covered_lines": 0, "num_statements": 1, "percent_covered": 0.0, "percent_covered_display": "0", "missing_lines": 1, "excluded_lines": 0, "percent_statements_covered": 0.0, "percent_statements_covered_display": "0"}, "missing_lines": [593], "excluded_lines": [], "start_line": 592}, "IQOptionAPI.ssid": {"executed_lines": [], "summary": {"covered_lines": 0, "num_statements": 1, "percent_covered": 0.0, "percent_covered_display": "0", "missing_lines": 1, "excluded_lines": 0, "percent_statements_covered": 0.0, "percent_statements_covered_display": "0"}, "missing_lines": [603], "excluded_lines": [], "start_line": 597}, "IQOptionAPI.Subscribe_Live_Deal": {"executed_lines": [], "summary": {"covered_lines": 0, "num_statements": 1, "percent_covered": 0.0, "percent_covered_display": "0", "missing_lines": 1, "excluded_lines": 0, "percent_statements_covered": 0.0, "percent_statements_covered_display": "0"}, "missing_lines": [608], "excluded_lines": [], "start_line": 607}, "IQOptionAPI.Unscribe_Live_Deal": {"executed_lines": [], "summary": {"covered_lines": 0, "num_statements": 1, "percent_covered": 0.0, "percent_covered_display": "0", "missing_lines": 1, "excluded_lines": 0, "percent_statements_covered": 0.0, "percent_statements_covered_display": "0"}, "missing_lines": [612], "excluded_lines": [], "start_line": 611}, "IQOptionAPI.subscribe_Traders_mood": {"executed_lines": [], "summary": {"covered_lines": 0, "num_statements": 1, "percent_covered": 0.0, "percent_covered_display": "0", "missing_lines": 1, "excluded_lines": 0, "percent_statements_covered": 0.0, "percent_statements_covered_display": "0"}, "missing_lines": [618], "excluded_lines": [], "start_line": 617}, "IQOptionAPI.unsubscribe_Traders_mood": {"executed_lines": [], "summary": {"covered_lines": 0, "num_statements": 1, "percent_covered": 0.0, "percent_covered_display": "0", "missing_lines": 1, "excluded_lines": 0, "percent_statements_covered": 0.0, "percent_statements_covered_display": "0"}, "missing_lines": [622], "excluded_lines": [], "start_line": 621}, "IQOptionAPI.get_Technical_indicators": {"executed_lines": [], "summary": {"covered_lines": 0, "num_statements": 1, "percent_covered": 0.0, "percent_covered_display": "0", "missing_lines": 1, "excluded_lines": 0, "percent_statements_covered": 0.0, "percent_statements_covered_display": "0"}, "missing_lines": [629], "excluded_lines": [], "start_line": 628}, "IQOptionAPI.subscribe": {"executed_lines": [], "summary": {"covered_lines": 0, "num_statements": 2, "percent_covered": 0.0, "percent_covered_display": "0", "missing_lines": 2, "excluded_lines": 0, "percent_statements_covered": 0.0, "percent_statements_covered_display": "0"}, "missing_lines": [637, 642], "excluded_lines": [], "start_line": 635}, "IQOptionAPI.subscribe_all_size": {"executed_lines": [], "summary": {"covered_lines": 0, "num_statements": 1, "percent_covered": 0.0, "percent_covered_display": "0", "missing_lines": 1, "excluded_lines": 0, "percent_statements_covered": 0.0, "percent_statements_covered_display": "0"}, "missing_lines": [646], "excluded_lines": [], "start_line": 645}, "IQOptionAPI.unsubscribe": {"executed_lines": [], "summary": {"covered_lines": 0, "num_statements": 1, "percent_covered": 0.0, "percent_covered_display": "0", "missing_lines": 1, "excluded_lines": 0, "percent_statements_covered": 0.0, "percent_statements_covered_display": "0"}, "missing_lines": [655], "excluded_lines": [], "start_line": 649}, "IQOptionAPI.unsubscribe_all_size": {"executed_lines": [], "summary": {"covered_lines": 0, "num_statements": 1, "percent_covered": 0.0, "percent_covered_display": "0", "missing_lines": 1, "excluded_lines": 0, "percent_statements_covered": 0.0, "percent_statements_covered_display": "0"}, "missing_lines": [659], "excluded_lines": [], "start_line": 658}, "IQOptionAPI.portfolio": {"executed_lines": [], "summary": {"covered_lines": 0, "num_statements": 9, "percent_covered": 0.0, "percent_covered_display": "0", "missing_lines": 9, "excluded_lines": 0, "percent_statements_covered": 0.0, "percent_statements_covered_display": "0"}, "missing_lines": [665, 666, 667, 668, 675, 676, 685, 686, 696], "excluded_lines": [], "start_line": 661}, "IQOptionAPI.set_user_settings": {"executed_lines": [704, 716], "summary": {"covered_lines": 2, "num_statements": 2, "percent_covered": 100.0, "percent_covered_display": "100", "missing_lines": 0, "excluded_lines": 0, "percent_statements_covered": 100.0, "percent_statements_covered_display": "100"}, "missing_lines": [], "excluded_lines": [], "start_line": 699}, "IQOptionAPI.subscribe_position_changed": {"executed_lines": [], "summary": {"covered_lines": 0, "num_statements": 2, "percent_covered": 0.0, "percent_covered_display": "0", "missing_lines": 2, "excluded_lines": 0, "percent_statements_covered": 0.0, "percent_statements_covered_display": "0"}, "missing_lines": [722, 729], "excluded_lines": [], "start_line": 719}, "IQOptionAPI.setOptions": {"executed_lines": [], "summary": {"covered_lines": 0, "num_statements": 2, "percent_covered": 0.0, "percent_covered_display": "0", "missing_lines": 2, "excluded_lines": 0, "percent_statements_covered": 0.0, "percent_statements_covered_display": "0"}, "missing_lines": [735, 737], "excluded_lines": [], "start_line": 732}, "IQOptionAPI.Subscribe_Top_Assets_Updated": {"executed_lines": [], "summary": {"covered_lines": 0, "num_statements": 1, "percent_covered": 0.0, "percent_covered_display": "0", "missing_lines": 1, "excluded_lines": 0, "percent_statements_covered": 0.0, "percent_statements_covered_display": "0"}, "missing_lines": [742], "excluded_lines": [], "start_line": 741}, "IQOptionAPI.Unsubscribe_Top_Assets_Updated": {"executed_lines": [], "summary": {"covered_lines": 0, "num_statements": 1, "percent_covered": 0.0, "percent_covered_display": "0", "missing_lines": 1, "excluded_lines": 0, "percent_statements_covered": 0.0, "percent_statements_covered_display": "0"}, "missing_lines": [746], "excluded_lines": [], "start_line": 745}, "IQOptionAPI.Subscribe_Commission_Changed": {"executed_lines": [], "summary": {"covered_lines": 0, "num_statements": 1, "percent_covered": 0.0, "percent_covered_display": "0", "missing_lines": 1, "excluded_lines": 0, "percent_statements_covered": 0.0, "percent_statements_covered_display": "0"}, "missing_lines": [750], "excluded_lines": [], "start_line": 749}, "IQOptionAPI.Unsubscribe_Commission_Changed": {"executed_lines": [], "summary": {"covered_lines": 0, "num_statements": 1, "percent_covered": 0.0, "percent_covered_display": "0", "missing_lines": 1, "excluded_lines": 0, "percent_statements_covered": 0.0, "percent_statements_covered_display": "0"}, "missing_lines": [754], "excluded_lines": [], "start_line": 753}, "IQOptionAPI.setactives": {"executed_lines": [], "summary": {"covered_lines": 0, "num_statements": 1, "percent_covered": 0.0, "percent_covered_display": "0", "missing_lines": 1, "excluded_lines": 0, "percent_statements_covered": 0.0, "percent_statements_covered_display": "0"}, "missing_lines": [766], "excluded_lines": [], "start_line": 760}, "IQOptionAPI.Get_Leader_Board": {"executed_lines": [], "summary": {"covered_lines": 0, "num_statements": 1, "percent_covered": 0.0, "percent_covered_display": "0", "missing_lines": 1, "excluded_lines": 0, "percent_statements_covered": 0.0, "percent_statements_covered_display": "0"}, "missing_lines": [770], "excluded_lines": [], "start_line": 769}, "IQOptionAPI.getcandles": {"executed_lines": [], "summary": {"covered_lines": 0, "num_statements": 1, "percent_covered": 0.0, "percent_covered_display": "0", "missing_lines": 1, "excluded_lines": 0, "percent_statements_covered": 0.0, "percent_statements_covered_display": "0"}, "missing_lines": [779], "excluded_lines": [], "start_line": 773}, "IQOptionAPI.get_api_option_init_all": {"executed_lines": [], "summary": {"covered_lines": 0, "num_statements": 1, "percent_covered": 0.0, "percent_covered_display": "0", "missing_lines": 1, "excluded_lines": 0, "percent_statements_covered": 0.0, "percent_statements_covered_display": "0"}, "missing_lines": [782], "excluded_lines": [], "start_line": 781}, "IQOptionAPI.get_api_option_init_all_v2": {"executed_lines": [], "summary": {"covered_lines": 0, "num_statements": 2, "percent_covered": 0.0, "percent_covered_display": "0", "missing_lines": 2, "excluded_lines": 0, "percent_statements_covered": 0.0, "percent_statements_covered_display": "0"}, "missing_lines": [786, 790], "excluded_lines": [], "start_line": 784}, "IQOptionAPI.get_betinfo": {"executed_lines": [], "summary": {"covered_lines": 0, "num_statements": 1, "percent_covered": 0.0, "percent_covered_display": "0", "missing_lines": 1, "excluded_lines": 0, "percent_statements_covered": 0.0, "percent_statements_covered_display": "0"}, "missing_lines": [795], "excluded_lines": [], "start_line": 794}, "IQOptionAPI.get_options": {"executed_lines": [], "summary": {"covered_lines": 0, "num_statements": 1, "percent_covered": 0.0, "percent_covered_display": "0", "missing_lines": 1, "excluded_lines": 0, "percent_statements_covered": 0.0, "percent_statements_covered_display": "0"}, "missing_lines": [799], "excluded_lines": [], "start_line": 798}, "IQOptionAPI.get_options_v2": {"executed_lines": [], "summary": {"covered_lines": 0, "num_statements": 1, "percent_covered": 0.0, "percent_covered_display": "0", "missing_lines": 1, "excluded_lines": 0, "percent_statements_covered": 0.0, "percent_statements_covered_display": "0"}, "missing_lines": [803], "excluded_lines": [], "start_line": 802}, "IQOptionAPI.buyv3": {"executed_lines": [809], "summary": {"covered_lines": 1, "num_statements": 1, "percent_covered": 100.0, "percent_covered_display": "100", "missing_lines": 0, "excluded_lines": 0, "percent_statements_covered": 100.0, "percent_statements_covered_display": "100"}, "missing_lines": [], "excluded_lines": [], "start_line": 808}, "IQOptionAPI.buyv3_by_raw_expired": {"executed_lines": [], "summary": {"covered_lines": 0, "num_statements": 1, "percent_covered": 0.0, "percent_covered_display": "0", "missing_lines": 1, "excluded_lines": 0, "percent_statements_covered": 0.0, "percent_statements_covered_display": "0"}, "missing_lines": [813], "excluded_lines": [], "start_line": 812}, "IQOptionAPI.buy": {"executed_lines": [], "summary": {"covered_lines": 0, "num_statements": 2, "percent_covered": 0.0, "percent_covered_display": "0", "missing_lines": 2, "excluded_lines": 0, "percent_statements_covered": 0.0, "percent_statements_covered_display": "0"}, "missing_lines": [822, 823], "excluded_lines": [], "start_line": 816}, "IQOptionAPI.sell_option": {"executed_lines": [], "summary": {"covered_lines": 0, "num_statements": 1, "percent_covered": 0.0, "percent_covered_display": "0", "missing_lines": 1, "excluded_lines": 0, "percent_statements_covered": 0.0, "percent_statements_covered_display": "0"}, "missing_lines": [827], "excluded_lines": [], "start_line": 826}, "IQOptionAPI.sell_digital_option": {"executed_lines": [], "summary": {"covered_lines": 0, "num_statements": 1, "percent_covered": 0.0, "percent_covered_display": "0", "missing_lines": 1, "excluded_lines": 0, "percent_statements_covered": 0.0, "percent_statements_covered_display": "0"}, "missing_lines": [831], "excluded_lines": [], "start_line": 830}, "IQOptionAPI.get_digital_underlying": {"executed_lines": [835, 842], "summary": {"covered_lines": 2, "num_statements": 2, "percent_covered": 100.0, "percent_covered_display": "100", "missing_lines": 0, "excluded_lines": 0, "percent_statements_covered": 100.0, "percent_statements_covered_display": "100"}, "missing_lines": [], "excluded_lines": [], "start_line": 834}, "IQOptionAPI.get_strike_list": {"executed_lines": [846], "summary": {"covered_lines": 1, "num_statements": 1, "percent_covered": 100.0, "percent_covered_display": "100", "missing_lines": 0, "excluded_lines": 0, "percent_statements_covered": 100.0, "percent_statements_covered_display": "100"}, "missing_lines": [], "excluded_lines": [], "start_line": 845}, "IQOptionAPI.subscribe_instrument_quotes_generated": {"executed_lines": [850], "summary": {"covered_lines": 1, "num_statements": 1, "percent_covered": 100.0, "percent_covered_display": "100", "missing_lines": 0, "excluded_lines": 0, "percent_statements_covered": 100.0, "percent_statements_covered_display": "100"}, "missing_lines": [], "excluded_lines": [], "start_line": 849}, "IQOptionAPI.unsubscribe_instrument_quotes_generated": {"executed_lines": [854], "summary": {"covered_lines": 1, "num_statements": 1, "percent_covered": 100.0, "percent_covered_display": "100", "missing_lines": 0, "excluded_lines": 0, "percent_statements_covered": 100.0, "percent_statements_covered_display": "100"}, "missing_lines": [], "excluded_lines": [], "start_line": 853}, "IQOptionAPI.place_digital_option": {"executed_lines": [858], "summary": {"covered_lines": 1, "num_statements": 1, "percent_covered": 100.0, "percent_covered_display": "100", "missing_lines": 0, "excluded_lines": 0, "percent_statements_covered": 100.0, "percent_statements_covered_display": "100"}, "missing_lines": [], "excluded_lines": [], "start_line": 857}, "IQOptionAPI.place_digital_option_v2": {"executed_lines": [], "summary": {"covered_lines": 0, "num_statements": 2, "percent_covered": 0.0, "percent_covered_display": "0", "missing_lines": 2, "excluded_lines": 0, "percent_statements_covered": 0.0, "percent_statements_covered_display": "0"}, "missing_lines": [861, 872], "excluded_lines": [], "start_line": 860}, "IQOptionAPI.close_digital_option": {"executed_lines": [], "summary": {"covered_lines": 0, "num_statements": 1, "percent_covered": 0.0, "percent_covered_display": "0", "missing_lines": 1, "excluded_lines": 0, "percent_statements_covered": 0.0, "percent_statements_covered_display": "0"}, "missing_lines": [876], "excluded_lines": [], "start_line": 875}, "IQOptionAPI.buy_order": {"executed_lines": [], "summary": {"covered_lines": 0, "num_statements": 1, "percent_covered": 0.0, "percent_covered_display": "0", "missing_lines": 1, "excluded_lines": 0, "percent_statements_covered": 0.0, "percent_statements_covered_display": "0"}, "missing_lines": [881], "excluded_lines": [], "start_line": 880}, "IQOptionAPI.change_order": {"executed_lines": [], "summary": {"covered_lines": 0, "num_statements": 1, "percent_covered": 0.0, "percent_covered_display": "0", "missing_lines": 1, "excluded_lines": 0, "percent_statements_covered": 0.0, "percent_statements_covered_display": "0"}, "missing_lines": [885], "excluded_lines": [], "start_line": 884}, "IQOptionAPI.change_auto_margin_call": {"executed_lines": [], "summary": {"covered_lines": 0, "num_statements": 1, "percent_covered": 0.0, "percent_covered_display": "0", "missing_lines": 1, "excluded_lines": 0, "percent_statements_covered": 0.0, "percent_statements_covered_display": "0"}, "missing_lines": [889], "excluded_lines": [], "start_line": 888}, "IQOptionAPI.get_order": {"executed_lines": [], "summary": {"covered_lines": 0, "num_statements": 1, "percent_covered": 0.0, "percent_covered_display": "0", "missing_lines": 1, "excluded_lines": 0, "percent_statements_covered": 0.0, "percent_statements_covered_display": "0"}, "missing_lines": [893], "excluded_lines": [], "start_line": 892}, "IQOptionAPI.get_pending": {"executed_lines": [], "summary": {"covered_lines": 0, "num_statements": 1, "percent_covered": 0.0, "percent_covered_display": "0", "missing_lines": 1, "excluded_lines": 0, "percent_statements_covered": 0.0, "percent_statements_covered_display": "0"}, "missing_lines": [897], "excluded_lines": [], "start_line": 896}, "IQOptionAPI.get_positions": {"executed_lines": [], "summary": {"covered_lines": 0, "num_statements": 1, "percent_covered": 0.0, "percent_covered_display": "0", "missing_lines": 1, "excluded_lines": 0, "percent_statements_covered": 0.0, "percent_statements_covered_display": "0"}, "missing_lines": [901], "excluded_lines": [], "start_line": 900}, "IQOptionAPI.get_position": {"executed_lines": [], "summary": {"covered_lines": 0, "num_statements": 1, "percent_covered": 0.0, "percent_covered_display": "0", "missing_lines": 1, "excluded_lines": 0, "percent_statements_covered": 0.0, "percent_statements_covered_display": "0"}, "missing_lines": [905], "excluded_lines": [], "start_line": 904}, "IQOptionAPI.get_digital_position": {"executed_lines": [], "summary": {"covered_lines": 0, "num_statements": 1, "percent_covered": 0.0, "percent_covered_display": "0", "missing_lines": 1, "excluded_lines": 0, "percent_statements_covered": 0.0, "percent_statements_covered_display": "0"}, "missing_lines": [909], "excluded_lines": [], "start_line": 908}, "IQOptionAPI.get_position_history": {"executed_lines": [], "summary": {"covered_lines": 0, "num_statements": 1, "percent_covered": 0.0, "percent_covered_display": "0", "missing_lines": 1, "excluded_lines": 0, "percent_statements_covered": 0.0, "percent_statements_covered_display": "0"}, "missing_lines": [913], "excluded_lines": [], "start_line": 912}, "IQOptionAPI.get_position_history_v2": {"executed_lines": [], "summary": {"covered_lines": 0, "num_statements": 1, "percent_covered": 0.0, "percent_covered_display": "0", "missing_lines": 1, "excluded_lines": 0, "percent_statements_covered": 0.0, "percent_statements_covered_display": "0"}, "missing_lines": [917], "excluded_lines": [], "start_line": 916}, "IQOptionAPI.get_available_leverages": {"executed_lines": [], "summary": {"covered_lines": 0, "num_statements": 1, "percent_covered": 0.0, "percent_covered_display": "0", "missing_lines": 1, "excluded_lines": 0, "percent_statements_covered": 0.0, "percent_statements_covered_display": "0"}, "missing_lines": [921], "excluded_lines": [], "start_line": 920}, "IQOptionAPI.cancel_order": {"executed_lines": [], "summary": {"covered_lines": 0, "num_statements": 1, "percent_covered": 0.0, "percent_covered_display": "0", "missing_lines": 1, "excluded_lines": 0, "percent_statements_covered": 0.0, "percent_statements_covered_display": "0"}, "missing_lines": [925], "excluded_lines": [], "start_line": 924}, "IQOptionAPI.close_position": {"executed_lines": [], "summary": {"covered_lines": 0, "num_statements": 1, "percent_covered": 0.0, "percent_covered_display": "0", "missing_lines": 1, "excluded_lines": 0, "percent_statements_covered": 0.0, "percent_statements_covered_display": "0"}, "missing_lines": [929], "excluded_lines": [], "start_line": 928}, "IQOptionAPI.get_overnight_fee": {"executed_lines": [], "summary": {"covered_lines": 0, "num_statements": 1, "percent_covered": 0.0, "percent_covered_display": "0", "missing_lines": 1, "excluded_lines": 0, "percent_statements_covered": 0.0, "percent_statements_covered_display": "0"}, "missing_lines": [933], "excluded_lines": [], "start_line": 932}, "IQOptionAPI.place_margin_order": {"executed_lines": [], "summary": {"covered_lines": 0, "num_statements": 1, "percent_covered": 0.0, "percent_covered_display": "0", "missing_lines": 1, "excluded_lines": 0, "percent_statements_covered": 0.0, "percent_statements_covered_display": "0"}, "missing_lines": [937], "excluded_lines": [], "start_line": 936}, "IQOptionAPI.heartbeat": {"executed_lines": [], "summary": {"covered_lines": 0, "num_statements": 1, "percent_covered": 0.0, "percent_covered_display": "0", "missing_lines": 1, "excluded_lines": 0, "percent_statements_covered": 0.0, "percent_statements_covered_display": "0"}, "missing_lines": [942], "excluded_lines": [], "start_line": 941}, "IQOptionAPI.delete_alert": {"executed_lines": [], "summary": {"covered_lines": 0, "num_statements": 1, "percent_covered": 0.0, "percent_covered_display": "0", "missing_lines": 1, "excluded_lines": 0, "percent_statements_covered": 0.0, "percent_statements_covered_display": "0"}, "missing_lines": [948], "excluded_lines": [], "start_line": 947}, "IQOptionAPI.set_session": {"executed_lines": [954, 955, 956], "summary": {"covered_lines": 3, "num_statements": 3, "percent_covered": 100.0, "percent_covered_display": "100", "missing_lines": 0, "excluded_lines": 0, "percent_statements_covered": 100.0, "percent_statements_covered_display": "100"}, "missing_lines": [], "excluded_lines": [], "start_line": 952}, "IQOptionAPI.start_websocket": {"executed_lines": [959, 960, 961, 962, 965, 969, 971, 981, 982, 985, 987, 988, 989, 994, 996, 998], "summary": {"covered_lines": 16, "num_statements": 21, "percent_covered": 76.19047619047619, "percent_covered_display": "76", "missing_lines": 5, "excluded_lines": 0, "percent_statements_covered": 76.19047619047619, "percent_statements_covered_display": "76"}, "missing_lines": [990, 991, 992, 995, 997], "excluded_lines": [], "start_line": 958}, "IQOptionAPI._start_heartbeat_loop": {"executed_lines": [1005, 1006, 1008, 1025, 1026], "summary": {"covered_lines": 5, "num_statements": 5, "percent_covered": 100.0, "percent_covered_display": "100", "missing_lines": 0, "excluded_lines": 0, "percent_statements_covered": 100.0, "percent_statements_covered_display": "100"}, "missing_lines": [], "excluded_lines": [], "start_line": 1000}, "IQOptionAPI._start_heartbeat_loop._loop": {"executed_lines": [1010, 1011, 1013, 1014, 1015, 1016], "summary": {"covered_lines": 6, "num_statements": 11, "percent_covered": 54.54545454545455, "percent_covered_display": "55", "missing_lines": 5, "excluded_lines": 0, "percent_statements_covered": 54.54545454545455, "percent_statements_covered_display": "55"}, "missing_lines": [1017, 1021, 1022, 1023, 1024], "excluded_lines": [], "start_line": 1008}, "IQOptionAPI.setTokenSMS": {"executed_lines": [], "summary": {"covered_lines": 0, "num_statements": 2, "percent_covered": 0.0, "percent_covered_display": "0", "missing_lines": 2, "excluded_lines": 0, "percent_statements_covered": 0.0, "percent_statements_covered_display": "0"}, "missing_lines": [1030, 1031], "excluded_lines": [], "start_line": 1029}, "IQOptionAPI.setToken2FA": {"executed_lines": [], "summary": {"covered_lines": 0, "num_statements": 2, "percent_covered": 0.0, "percent_covered_display": "0", "missing_lines": 2, "excluded_lines": 0, "percent_statements_covered": 0.0, "percent_statements_covered_display": "0"}, "missing_lines": [1035, 1036], "excluded_lines": [], "start_line": 1034}, "IQOptionAPI.get_ssid": {"executed_lines": [1039, 1040, 1041, 1042, 1047, 1048, 1049, 1050], "summary": {"covered_lines": 8, "num_statements": 10, "percent_covered": 80.0, "percent_covered_display": "80", "missing_lines": 2, "excluded_lines": 0, "percent_statements_covered": 80.0, "percent_statements_covered_display": "80"}, "missing_lines": [1045, 1051], "excluded_lines": [], "start_line": 1038}, "IQOptionAPI.send_ssid": {"executed_lines": [1054, 1055, 1056, 1058, 1059, 1060, 1062, 1065, 1066, 1067, 1068, 1069, 1071, 1072, 1075, 1077, 1078, 1079, 1084, 1085, 1086, 1095, 1096, 1097, 1098, 1115], "summary": {"covered_lines": 26, "num_statements": 41, "percent_covered": 63.41463414634146, "percent_covered_display": "63", "missing_lines": 15, "excluded_lines": 0, "percent_statements_covered": 63.41463414634146, "percent_statements_covered_display": "63"}, "missing_lines": [1080, 1099, 1100, 1101, 1102, 1103, 1104, 1105, 1106, 1107, 1109, 1110, 1111, 1112, 1113], "excluded_lines": [], "start_line": 1053}, "IQOptionAPI.connect": {"executed_lines": [1119, 1120, 1125, 1127, 1131, 1148, 1149, 1150, 1151, 1152, 1153], "summary": {"covered_lines": 11, "num_statements": 37, "percent_covered": 29.72972972972973, "percent_covered_display": "30", "missing_lines": 26, "excluded_lines": 0, "percent_statements_covered": 29.72972972972973, "percent_statements_covered_display": "30"}, "missing_lines": [1121, 1122, 1123, 1124, 1128, 1133, 1135, 1137, 1138, 1139, 1140, 1141, 1142, 1143, 1144, 1154, 1155, 1157, 1159, 1160, 1161, 1162, 1163, 1164, 1165, 1166], "excluded_lines": [], "start_line": 1117}, "IQOptionAPI.connect2fa": {"executed_lines": [], "summary": {"covered_lines": 0, "num_statements": 7, "percent_covered": 0.0, "percent_covered_display": "0", "missing_lines": 7, "excluded_lines": 0, "percent_statements_covered": 0.0, "percent_statements_covered_display": "0"}, "missing_lines": [1169, 1171, 1172, 1175, 1176, 1177, 1178], "excluded_lines": [], "start_line": 1168}, "IQOptionAPI.close": {"executed_lines": [1182, 1190, 1191, 1192, 1193, 1196, 1197, 1198, 1199], "summary": {"covered_lines": 9, "num_statements": 16, "percent_covered": 56.25, "percent_covered_display": "56", "missing_lines": 7, "excluded_lines": 0, "percent_statements_covered": 56.25, "percent_statements_covered_display": "56"}, "missing_lines": [1183, 1184, 1185, 1186, 1188, 1194, 1195], "excluded_lines": [], "start_line": 1180}, "IQOptionAPI.websocket_alive": {"executed_lines": [], "summary": {"covered_lines": 0, "num_statements": 1, "percent_covered": 0.0, "percent_covered_display": "0", "missing_lines": 1, "excluded_lines": 0, "percent_statements_covered": 0.0, "percent_statements_covered_display": "0"}, "missing_lines": [1205], "excluded_lines": [], "start_line": 1204}, "IQOptionAPI.Get_User_Profile_Client": {"executed_lines": [], "summary": {"covered_lines": 0, "num_statements": 1, "percent_covered": 0.0, "percent_covered_display": "0", "missing_lines": 1, "excluded_lines": 0, "percent_statements_covered": 0.0, "percent_statements_covered_display": "0"}, "missing_lines": [1209], "excluded_lines": [], "start_line": 1208}, "IQOptionAPI.Request_Leaderboard_Userinfo_Deals_Client": {"executed_lines": [], "summary": {"covered_lines": 0, "num_statements": 1, "percent_covered": 0.0, "percent_covered_display": "0", "missing_lines": 1, "excluded_lines": 0, "percent_statements_covered": 0.0, "percent_statements_covered_display": "0"}, "missing_lines": [1213], "excluded_lines": [], "start_line": 1212}, "IQOptionAPI.Get_Users_Availability": {"executed_lines": [], "summary": {"covered_lines": 0, "num_statements": 1, "percent_covered": 0.0, "percent_covered_display": "0", "missing_lines": 1, "excluded_lines": 0, "percent_statements_covered": 0.0, "percent_statements_covered_display": "0"}, "missing_lines": [1217], "excluded_lines": [], "start_line": 1216}, "IQOptionAPI.subscribe_digital_price_splitter": {"executed_lines": [], "summary": {"covered_lines": 0, "num_statements": 1, "percent_covered": 0.0, "percent_covered_display": "0", "missing_lines": 1, "excluded_lines": 0, "percent_statements_covered": 0.0, "percent_statements_covered_display": "0"}, "missing_lines": [1221], "excluded_lines": [], "start_line": 1220}, "IQOptionAPI.unsubscribe_digital_price_splitter": {"executed_lines": [], "summary": {"covered_lines": 0, "num_statements": 1, "percent_covered": 0.0, "percent_covered_display": "0", "missing_lines": 1, "excluded_lines": 0, "percent_statements_covered": 0.0, "percent_statements_covered_display": "0"}, "missing_lines": [1225], "excluded_lines": [], "start_line": 1224}, "": {"executed_lines": [1, 2, 3, 4, 5, 6, 7, 8, 9, 10, 11, 12, 13, 14, 15, 16, 17, 18, 19, 20, 21, 22, 23, 24, 25, 26, 27, 29, 30, 31, 32, 33, 34, 35, 36, 37, 38, 39, 40, 41, 43, 44, 45, 46, 47, 48, 49, 51, 52, 53, 54, 55, 58, 59, 60, 61, 62, 63, 64, 65, 66, 67, 68, 69, 70, 72, 73, 74, 75, 76, 77, 80, 81, 88, 93, 275, 287, 302, 312, 340, 368, 369, 378, 408, 418, 419, 427, 428, 436, 437, 445, 446, 454, 455, 463, 464, 472, 473, 481, 482, 490, 491, 507, 514, 515, 523, 524, 527, 528, 536, 537, 546, 547, 556, 557, 565, 566, 569, 570, 573, 574, 577, 578, 581, 582, 585, 586, 588, 589, 591, 592, 596, 597, 606, 607, 610, 611, 616, 617, 620, 621, 627, 628, 634, 635, 644, 645, 648, 649, 657, 658, 661, 699, 719, 732, 740, 741, 744, 745, 748, 749, 752, 753, 759, 760, 768, 769, 772, 773, 781, 784, 793, 794, 797, 798, 801, 802, 807, 808, 811, 812, 815, 816, 825, 826, 829, 830, 834, 844, 845, 848, 849, 852, 853, 856, 857, 860, 874, 875, 879, 880, 883, 884, 887, 888, 891, 892, 895, 896, 899, 900, 903, 904, 907, 908, 911, 912, 915, 916, 919, 920, 923, 924, 927, 928, 931, 932, 935, 936, 940, 941, 946, 947, 952, 958, 1000, 1029, 1034, 1038, 1053, 1117, 1168, 1180, 1204, 1207, 1208, 1211, 1212, 1215, 1216, 1219, 1220, 1223, 1224], "summary": {"covered_lines": 254, "num_statements": 254, "percent_covered": 100.0, "percent_covered_display": "100", "missing_lines": 0, "excluded_lines": 0, "percent_statements_covered": 100.0, "percent_statements_covered_display": "100"}, "missing_lines": [], "excluded_lines": [], "start_line": 1}}, "classes": {"IQOptionAPI": {"executed_lines": [100, 103, 104, 105, 106, 107, 108, 109, 110, 111, 112, 113, 114, 115, 116, 117, 118, 119, 120, 121, 122, 123, 124, 125, 126, 127, 128, 129, 130, 131, 132, 133, 134, 135, 136, 137, 138, 139, 140, 141, 142, 143, 144, 145, 146, 147, 148, 149, 150, 151, 152, 153, 154, 155, 156, 157, 158, 159, 160, 161, 162, 163, 164, 165, 166, 167, 168, 169, 170, 171, 172, 177, 178, 181, 182, 183, 184, 185, 186, 187, 190, 191, 194, 196, 199, 200, 201, 202, 206, 207, 208, 211, 212, 213, 216, 217, 218, 219, 220, 221, 222, 223, 224, 225, 226, 227, 228, 229, 230, 231, 232, 233, 234, 235, 236, 237, 238, 241, 242, 243, 244, 245, 246, 247, 248, 249, 250, 251, 252, 253, 254, 255, 256, 257, 258, 259, 261, 262, 263, 266, 267, 268, 271, 272, 374, 375, 376, 386, 389, 390, 391, 392, 396, 397, 399, 401, 402, 403, 406, 434, 511, 563, 567, 575, 579, 704, 716, 809, 835, 842, 846, 850, 854, 858, 954, 955, 956, 959, 960, 961, 962, 965, 969, 971, 981, 982, 985, 987, 988, 989, 994, 996, 998, 1005, 1006, 1008, 1010, 1011, 1013, 1014, 1015, 1016, 1025, 1026, 1039, 1040, 1041, 1042, 1047, 1048, 1049, 1050, 1054, 1055, 1056, 1058, 1059, 1060, 1062, 1065, 1066, 1067, 1068, 1069, 1071, 1072, 1075, 1077, 1078, 1079, 1084, 1085, 1086, 1095, 1096, 1097, 1098, 1115, 1119, 1120, 1125, 1127, 1131, 1148, 1149, 1150, 1151, 1152, 1153, 1182, 1190, 1191, 1192, 1193, 1196, 1197, 1198, 1199], "summary": {"covered_lines": 258, "num_statements": 461, "percent_covered": 55.96529284164859, "percent_covered_display": "56", "missing_lines": 203, "excluded_lines": 0, "percent_statements_covered": 55.96529284164859, "percent_statements_covered_display": "56"}, "missing_lines": [203, 277, 278, 279, 280, 281, 282, 283, 284, 285, 289, 290, 291, 292, 293, 294, 295, 296, 297, 298, 299, 300, 310, 324, 325, 327, 329, 334, 335, 337, 338, 352, 354, 356, 362, 363, 366, 394, 404, 410, 411, 412, 413, 414, 415, 416, 425, 443, 452, 461, 470, 479, 488, 497, 521, 525, 534, 543, 553, 571, 583, 587, 590, 593, 603, 608, 612, 618, 622, 629, 637, 642, 646, 655, 659, 665, 666, 667, 668, 675, 676, 685, 686, 696, 722, 729, 735, 737, 742, 746, 750, 754, 766, 770, 779, 782, 786, 790, 795, 799, 803, 813, 822, 823, 827, 831, 861, 872, 876, 881, 885, 889, 893, 897, 901, 905, 909, 913, 917, 921, 925, 929, 933, 937, 942, 948, 990, 991, 992, 995, 997, 1017, 1021, 1022, 1023, 1024, 1030, 1031, 1035, 1036, 1045, 1051, 1080, 1099, 1100, 1101, 1102, 1103, 1104, 1105, 1106, 1107, 1109, 1110, 1111, 1112, 1113, 1121, 1122, 1123, 1124, 1128, 1133, 1135, 1137, 1138, 1139, 1140, 1141, 1142, 1143, 1144, 1154, 1155, 1157, 1159, 1160, 1161, 1162, 1163, 1164, 1165, 1166, 1169, 1171, 1172, 1175, 1176, 1177, 1178, 1183, 1184, 1185, 1186, 1188, 1194, 1195, 1205, 1209, 1213, 1217, 1221, 1225], "excluded_lines": [], "start_line": 88}, "": {"executed_lines": [1, 2, 3, 4, 5, 6, 7, 8, 9, 10, 11, 12, 13, 14, 15, 16, 17, 18, 19, 20, 21, 22, 23, 24, 25, 26, 27, 29, 30, 31, 32, 33, 34, 35, 36, 37, 38, 39, 40, 41, 43, 44, 45, 46, 47, 48, 49, 51, 52, 53, 54, 55, 58, 59, 60, 61, 62, 63, 64, 65, 66, 67, 68, 69, 70, 72, 73, 74, 75, 76, 77, 80, 81, 88, 93, 275, 287, 302, 312, 340, 368, 369, 378, 408, 418, 419, 427, 428, 436, 437, 445, 446, 454, 455, 463, 464, 472, 473, 481, 482, 490, 491, 507, 514, 515, 523, 524, 527, 528, 536, 537, 546, 547, 556, 557, 565, 566, 569, 570, 573, 574, 577, 578, 581, 582, 585, 586, 588, 589, 591, 592, 596, 597, 606, 607, 610, 611, 616, 617, 620, 621, 627, 628, 634, 635, 644, 645, 648, 649, 657, 658, 661, 699, 719, 732, 740, 741, 744, 745, 748, 749, 752, 753, 759, 760, 768, 769, 772, 773, 781, 784, 793, 794, 797, 798, 801, 802, 807, 808, 811, 812, 815, 816, 825, 826, 829, 830, 834, 844, 845, 848, 849, 852, 853, 856, 857, 860, 874, 875, 879, 880, 883, 884, 887, 888, 891, 892, 895, 896, 899, 900, 903, 904, 907, 908, 911, 912, 915, 916, 919, 920, 923, 924, 927, 928, 931, 932, 935, 936, 940, 941, 946, 947, 952, 958, 1000, 1029, 1034, 1038, 1053, 1117, 1168, 1180, 1204, 1207, 1208, 1211, 1212, 1215, 1216, 1219, 1220, 1223, 1224], "summary": {"covered_lines": 254, "num_statements": 254, "percent_covered": 100.0, "percent_covered_display": "100", "missing_lines": 0, "excluded_lines": 0, "percent_statements_covered": 100.0, "percent_statements_covered_display": "100"}, "missing_lines": [], "excluded_lines": [], "start_line": 1}}}, "iqoptionapi\\asset_scanner.py": {"executed_lines": [6, 7, 8, 9, 10, 13, 14, 15, 16, 17, 18, 19, 20, 22, 27, 33, 34, 35, 38, 48, 49, 51, 54, 55, 56, 59, 60, 63, 66, 67, 70, 71, 72, 73, 77, 79, 81, 90, 97, 98, 99, 100, 101, 102, 104, 105, 107, 108, 110], "summary": {"covered_lines": 49, "num_statements": 94, "percent_covered": 52.12765957446808, "percent_covered_display": "52", "missing_lines": 45, "excluded_lines": 0, "percent_statements_covered": 52.12765957446808, "percent_statements_covered_display": "52"}, "missing_lines": [52, 61, 136, 138, 139, 141, 142, 143, 145, 146, 147, 148, 150, 151, 154, 155, 156, 157, 158, 159, 160, 161, 164, 165, 168, 169, 170, 171, 172, 173, 174, 175, 176, 179, 180, 181, 182, 183, 184, 185, 186, 188, 190, 201, 202], "excluded_lines": [], "functions": {"AssetScanner.__init__": {"executed_lines": [33, 34, 35], "summary": {"covered_lines": 3, "num_statements": 3, "percent_covered": 100.0, "percent_covered_display": "100", "missing_lines": 0, "excluded_lines": 0, "percent_statements_covered": 100.0, "percent_statements_covered_display": "100"}, "missing_lines": [], "excluded_lines": [], "start_line": 27}, "AssetScanner.score_asset": {"executed_lines": [48, 49, 51, 54, 55, 56, 59, 60, 63, 66, 67, 70, 71, 72, 73, 77, 79, 81], "summary": {"covered_lines": 18, "num_statements": 20, "percent_covered": 90.0, "percent_covered_display": "90", "missing_lines": 2, "excluded_lines": 0, "percent_statements_covered": 90.0, "percent_statements_covered_display": "90"}, "missing_lines": [52, 61], "excluded_lines": [], "start_line": 38}, "AssetScanner.get_best_assets": {"executed_lines": [97, 98, 99, 100, 101, 102, 104, 105], "summary": {"covered_lines": 8, "num_statements": 8, "percent_covered": 100.0, "percent_covered_display": "100", "missing_lines": 0, "excluded_lines": 0, "percent_statements_covered": 100.0, "percent_statements_covered_display": "100"}, "missing_lines": [], "excluded_lines": [], "start_line": 90}, "AssetScanner.is_worth_trading": {"executed_lines": [108], "summary": {"covered_lines": 1, "num_statements": 1, "percent_covered": 100.0, "percent_covered_display": "100", "missing_lines": 0, "excluded_lines": 0, "percent_statements_covered": 100.0, "percent_statements_covered_display": "100"}, "missing_lines": [], "excluded_lines": [], "start_line": 107}, "AssetScanner.get_best_payout_assets": {"executed_lines": [], "summary": {"covered_lines": 0, "num_statements": 43, "percent_covered": 0.0, "percent_covered_display": "0", "missing_lines": 43, "excluded_lines": 0, "percent_statements_covered": 0.0, "percent_statements_covered_display": "0"}, "missing_lines": [136, 138, 139, 141, 142, 143, 145, 146, 147, 148, 150, 151, 154, 155, 156, 157, 158, 159, 160, 161, 164, 165, 168, 169, 170, 171, 172, 173, 174, 175, 176, 179, 180, 181, 182, 183, 184, 185, 186, 188, 190, 201, 202], "excluded_lines": [], "start_line": 110}, "": {"executed_lines": [6, 7, 8, 9, 10, 13, 14, 15, 16, 17, 18, 19, 20, 22, 27, 38, 90, 107, 110], "summary": {"covered_lines": 19, "num_statements": 19, "percent_covered": 100.0, "percent_covered_display": "100", "missing_lines": 0, "excluded_lines": 0, "percent_statements_covered": 100.0, "percent_statements_covered_display": "100"}, "missing_lines": [], "excluded_lines": [], "start_line": 1}}, "classes": {"AssetScore": {"executed_lines": [], "summary": {"covered_lines": 0, "num_statements": 0, "percent_covered": 100.0, "percent_covered_display": "100", "missing_lines": 0, "excluded_lines": 0, "percent_statements_covered": 100.0, "percent_statements_covered_display": "100"}, "missing_lines": [], "excluded_lines": [], "start_line": 14}, "AssetScanner": {"executed_lines": [33, 34, 35, 48, 49, 51, 54, 55, 56, 59, 60, 63, 66, 67, 70, 71, 72, 73, 77, 79, 81, 97, 98, 99, 100, 101, 102, 104, 105, 108], "summary": {"covered_lines": 30, "num_statements": 75, "percent_covered": 40.0, "percent_covered_display": "40", "missing_lines": 45, "excluded_lines": 0, "percent_statements_covered": 40.0, "percent_statements_covered_display": "40"}, "missing_lines": [52, 61, 136, 138, 139, 141, 142, 143, 145, 146, 147, 148, 150, 151, 154, 155, 156, 157, 158, 159, 160, 161, 164, 165, 168, 169, 170, 171, 172, 173, 174, 175, 176, 179, 180, 181, 182, 183, 184, 185, 186, 188, 190, 201, 202], "excluded_lines": [], "start_line": 22}, "": {"executed_lines": [6, 7, 8, 9, 10, 13, 14, 15, 16, 17, 18, 19, 20, 22, 27, 38, 90, 107, 110], "summary": {"covered_lines": 19, "num_statements": 19, "percent_covered": 100.0, "percent_covered_display": "100", "missing_lines": 0, "excluded_lines": 0, "percent_statements_covered": 100.0, "percent_statements_covered_display": "100"}, "missing_lines": [], "excluded_lines": [], "start_line": 1}}}, "iqoptionapi\\async_api.py": {"executed_lines": [16, 18, 19, 20, 22, 23, 25, 28, 41, 57, 58, 62, 66, 68, 69, 70, 72, 80, 81, 82, 86, 87, 91, 95, 97, 101, 105, 107, 108, 110, 112, 118, 120, 124, 126, 130, 138, 139, 141, 143, 145, 148, 151, 154, 157, 160, 165, 167, 172, 178, 183, 188, 193, 194, 198, 203, 208, 211, 216, 223, 227, 235, 246, 262, 269, 277, 290, 295, 296, 300, 306, 314, 322, 332, 333, 335, 338, 340, 345, 350, 355, 360, 367, 368, 370, 373, 378, 381, 386, 391, 396, 414, 415, 417, 418, 426, 427, 431, 433, 435, 438, 441], "summary": {"covered_lines": 102, "num_statements": 140, "percent_covered": 72.85714285714286, "percent_covered_display": "73", "missing_lines": 38, "excluded_lines": 0, "percent_statements_covered": 72.85714285714286, "percent_statements_covered_display": "73"}, "missing_lines": [103, 113, 133, 146, 149, 152, 155, 158, 161, 173, 179, 184, 189, 199, 204, 209, 212, 217, 283, 291, 317, 325, 341, 346, 351, 356, 361, 371, 374, 379, 382, 387, 392, 404, 429, 436, 439, 442], "excluded_lines": [], "functions": {"AsyncIQ_Option.__init__": {"executed_lines": [57, 58, 62], "summary": {"covered_lines": 3, "num_statements": 3, "percent_covered": 100.0, "percent_covered_display": "100", "missing_lines": 0, "excluded_lines": 0, "percent_statements_covered": 100.0, "percent_statements_covered_display": "100"}, "missing_lines": [], "excluded_lines": [], "start_line": 41}, "AsyncIQ_Option._get_loop": {"executed_lines": [68, 69, 70], "summary": {"covered_lines": 3, "num_statements": 3, "percent_covered": 100.0, "percent_covered_display": "100", "missing_lines": 0, "excluded_lines": 0, "percent_statements_covered": 100.0, "percent_statements_covered_display": "100"}, "missing_lines": [], "excluded_lines": [], "start_line": 66}, "AsyncIQ_Option._run": {"executed_lines": [80, 81, 82, 86, 87, 91], "summary": {"covered_lines": 6, "num_statements": 6, "percent_covered": 100.0, "percent_covered_display": "100", "missing_lines": 0, "excluded_lines": 0, "percent_statements_covered": 100.0, "percent_statements_covered_display": "100"}, "missing_lines": [], "excluded_lines": [], "start_line": 72}, "AsyncIQ_Option.connect": {"executed_lines": [97], "summary": {"covered_lines": 1, "num_statements": 1, "percent_covered": 100.0, "percent_covered_display": "100", "missing_lines": 0, "excluded_lines": 0, "percent_statements_covered": 100.0, "percent_statements_covered_display": "100"}, "missing_lines": [], "excluded_lines": [], "start_line": 95}, "AsyncIQ_Option.connect_2fa": {"executed_lines": [], "summary": {"covered_lines": 0, "num_statements": 1, "percent_covered": 0.0, "percent_covered_display": "0", "missing_lines": 1, "excluded_lines": 0, "percent_statements_covered": 0.0, "percent_statements_covered_display": "0"}, "missing_lines": [103], "excluded_lines": [], "start_line": 101}, "AsyncIQ_Option.close": {"executed_lines": [107, 108, 110], "summary": {"covered_lines": 3, "num_statements": 3, "percent_covered": 100.0, "percent_covered_display": "100", "missing_lines": 0, "excluded_lines": 0, "percent_statements_covered": 100.0, "percent_statements_covered_display": "100"}, "missing_lines": [], "excluded_lines": [], "start_line": 105}, "AsyncIQ_Option.logout": {"executed_lines": [], "summary": {"covered_lines": 0, "num_statements": 1, "percent_covered": 0.0, "percent_covered_display": "0", "missing_lines": 1, "excluded_lines": 0, "percent_statements_covered": 0.0, "percent_statements_covered_display": "0"}, "missing_lines": [113], "excluded_lines": [], "start_line": 112}, "AsyncIQ_Option.buy": {"executed_lines": [120], "summary": {"covered_lines": 1, "num_statements": 1, "percent_covered": 100.0, "percent_covered_display": "100", "missing_lines": 0, "excluded_lines": 0, "percent_statements_covered": 100.0, "percent_statements_covered_display": "100"}, "missing_lines": [], "excluded_lines": [], "start_line": 118}, "AsyncIQ_Option.buy_multi": {"executed_lines": [126], "summary": {"covered_lines": 1, "num_statements": 1, "percent_covered": 100.0, "percent_covered_display": "100", "missing_lines": 0, "excluded_lines": 0, "percent_statements_covered": 100.0, "percent_statements_covered_display": "100"}, "missing_lines": [], "excluded_lines": [], "start_line": 124}, "AsyncIQ_Option.buy_by_raw_expirations": {"executed_lines": [], "summary": {"covered_lines": 0, "num_statements": 1, "percent_covered": 0.0, "percent_covered_display": "0", "missing_lines": 1, "excluded_lines": 0, "percent_statements_covered": 0.0, "percent_statements_covered_display": "0"}, "missing_lines": [133], "excluded_lines": [], "start_line": 130}, "AsyncIQ_Option.sell_option": {"executed_lines": [139], "summary": {"covered_lines": 1, "num_statements": 1, "percent_covered": 100.0, "percent_covered_display": "100", "missing_lines": 0, "excluded_lines": 0, "percent_statements_covered": 100.0, "percent_statements_covered_display": "100"}, "missing_lines": [], "excluded_lines": [], "start_line": 138}, "AsyncIQ_Option.check_win": {"executed_lines": [143], "summary": {"covered_lines": 1, "num_statements": 1, "percent_covered": 100.0, "percent_covered_display": "100", "missing_lines": 0, "excluded_lines": 0, "percent_statements_covered": 100.0, "percent_statements_covered_display": "100"}, "missing_lines": [], "excluded_lines": [], "start_line": 141}, "AsyncIQ_Option.check_win_v2": {"executed_lines": [], "summary": {"covered_lines": 0, "num_statements": 1, "percent_covered": 0.0, "percent_covered_display": "0", "missing_lines": 1, "excluded_lines": 0, "percent_statements_covered": 0.0, "percent_statements_covered_display": "0"}, "missing_lines": [146], "excluded_lines": [], "start_line": 145}, "AsyncIQ_Option.check_win_v3": {"executed_lines": [], "summary": {"covered_lines": 0, "num_statements": 1, "percent_covered": 0.0, "percent_covered_display": "0", "missing_lines": 1, "excluded_lines": 0, "percent_statements_covered": 0.0, "percent_statements_covered_display": "0"}, "missing_lines": [149], "excluded_lines": [], "start_line": 148}, "AsyncIQ_Option.check_win_v4": {"executed_lines": [], "summary": {"covered_lines": 0, "num_statements": 1, "percent_covered": 0.0, "percent_covered_display": "0", "missing_lines": 1, "excluded_lines": 0, "percent_statements_covered": 0.0, "percent_statements_covered_display": "0"}, "missing_lines": [152], "excluded_lines": [], "start_line": 151}, "AsyncIQ_Option.get_betinfo": {"executed_lines": [], "summary": {"covered_lines": 0, "num_statements": 1, "percent_covered": 0.0, "percent_covered_display": "0", "missing_lines": 1, "excluded_lines": 0, "percent_statements_covered": 0.0, "percent_statements_covered_display": "0"}, "missing_lines": [155], "excluded_lines": [], "start_line": 154}, "AsyncIQ_Option.get_optioninfo": {"executed_lines": [], "summary": {"covered_lines": 0, "num_statements": 1, "percent_covered": 0.0, "percent_covered_display": "0", "missing_lines": 1, "excluded_lines": 0, "percent_statements_covered": 0.0, "percent_statements_covered_display": "0"}, "missing_lines": [158], "excluded_lines": [], "start_line": 157}, "AsyncIQ_Option.get_optioninfo_v2": {"executed_lines": [], "summary": {"covered_lines": 0, "num_statements": 1, "percent_covered": 0.0, "percent_covered_display": "0", "missing_lines": 1, "excluded_lines": 0, "percent_statements_covered": 0.0, "percent_statements_covered_display": "0"}, "missing_lines": [161], "excluded_lines": [], "start_line": 160}, "AsyncIQ_Option.buy_digital_spot": {"executed_lines": [167], "summary": {"covered_lines": 1, "num_statements": 1, "percent_covered": 100.0, "percent_covered_display": "100", "missing_lines": 0, "excluded_lines": 0, "percent_statements_covered": 100.0, "percent_statements_covered_display": "100"}, "missing_lines": [], "excluded_lines": [], "start_line": 165}, "AsyncIQ_Option.buy_digital_spot_v2": {"executed_lines": [], "summary": {"covered_lines": 0, "num_statements": 1, "percent_covered": 0.0, "percent_covered_display": "0", "missing_lines": 1, "excluded_lines": 0, "percent_statements_covered": 0.0, "percent_statements_covered_display": "0"}, "missing_lines": [173], "excluded_lines": [], "start_line": 172}, "AsyncIQ_Option.buy_digital": {"executed_lines": [], "summary": {"covered_lines": 0, "num_statements": 1, "percent_covered": 0.0, "percent_covered_display": "0", "missing_lines": 1, "excluded_lines": 0, "percent_statements_covered": 0.0, "percent_statements_covered_display": "0"}, "missing_lines": [179], "excluded_lines": [], "start_line": 178}, "AsyncIQ_Option.sell_digital_option": {"executed_lines": [], "summary": {"covered_lines": 0, "num_statements": 1, "percent_covered": 0.0, "percent_covered_display": "0", "missing_lines": 1, "excluded_lines": 0, "percent_statements_covered": 0.0, "percent_statements_covered_display": "0"}, "missing_lines": [184], "excluded_lines": [], "start_line": 183}, "AsyncIQ_Option.close_digital_option": {"executed_lines": [], "summary": {"covered_lines": 0, "num_statements": 1, "percent_covered": 0.0, "percent_covered_display": "0", "missing_lines": 1, "excluded_lines": 0, "percent_statements_covered": 0.0, "percent_statements_covered_display": "0"}, "missing_lines": [189], "excluded_lines": [], "start_line": 188}, "AsyncIQ_Option.check_win_digital": {"executed_lines": [194], "summary": {"covered_lines": 1, "num_statements": 1, "percent_covered": 100.0, "percent_covered_display": "100", "missing_lines": 0, "excluded_lines": 0, "percent_statements_covered": 100.0, "percent_statements_covered_display": "100"}, "missing_lines": [], "excluded_lines": [], "start_line": 193}, "AsyncIQ_Option.check_win_digital_v2": {"executed_lines": [], "summary": {"covered_lines": 0, "num_statements": 1, "percent_covered": 0.0, "percent_covered_display": "0", "missing_lines": 1, "excluded_lines": 0, "percent_statements_covered": 0.0, "percent_statements_covered_display": "0"}, "missing_lines": [199], "excluded_lines": [], "start_line": 198}, "AsyncIQ_Option.get_digital_payout": {"executed_lines": [], "summary": {"covered_lines": 0, "num_statements": 1, "percent_covered": 0.0, "percent_covered_display": "0", "missing_lines": 1, "excluded_lines": 0, "percent_statements_covered": 0.0, "percent_statements_covered_display": "0"}, "missing_lines": [204], "excluded_lines": [], "start_line": 203}, "AsyncIQ_Option.get_payout": {"executed_lines": [], "summary": {"covered_lines": 0, "num_statements": 1, "percent_covered": 0.0, "percent_covered_display": "0", "missing_lines": 1, "excluded_lines": 0, "percent_statements_covered": 0.0, "percent_statements_covered_display": "0"}, "missing_lines": [209], "excluded_lines": [], "start_line": 208}, "AsyncIQ_Option.get_digital_underlying_list_data": {"executed_lines": [], "summary": {"covered_lines": 0, "num_statements": 1, "percent_covered": 0.0, "percent_covered_display": "0", "missing_lines": 1, "excluded_lines": 0, "percent_statements_covered": 0.0, "percent_statements_covered_display": "0"}, "missing_lines": [212], "excluded_lines": [], "start_line": 211}, "AsyncIQ_Option.get_strike_list": {"executed_lines": [], "summary": {"covered_lines": 0, "num_statements": 1, "percent_covered": 0.0, "percent_covered_display": "0", "missing_lines": 1, "excluded_lines": 0, "percent_statements_covered": 0.0, "percent_statements_covered_display": "0"}, "missing_lines": [217], "excluded_lines": [], "start_line": 216}, "AsyncIQ_Option.buy_blitz": {"executed_lines": [227], "summary": {"covered_lines": 1, "num_statements": 1, "percent_covered": 100.0, "percent_covered_display": "100", "missing_lines": 0, "excluded_lines": 0, "percent_statements_covered": 100.0, "percent_statements_covered_display": "100"}, "missing_lines": [], "excluded_lines": [], "start_line": 223}, "AsyncIQ_Option.buy_order": {"executed_lines": [246], "summary": {"covered_lines": 1, "num_statements": 1, "percent_covered": 100.0, "percent_covered_display": "100", "missing_lines": 0, "excluded_lines": 0, "percent_statements_covered": 100.0, "percent_statements_covered_display": "100"}, "missing_lines": [], "excluded_lines": [], "start_line": 235}, "AsyncIQ_Option.open_margin_position": {"executed_lines": [269], "summary": {"covered_lines": 1, "num_statements": 1, "percent_covered": 100.0, "percent_covered_display": "100", "missing_lines": 0, "excluded_lines": 0, "percent_statements_covered": 100.0, "percent_statements_covered_display": "100"}, "missing_lines": [], "excluded_lines": [], "start_line": 262}, "AsyncIQ_Option.place_pending_order": {"executed_lines": [], "summary": {"covered_lines": 0, "num_statements": 1, "percent_covered": 0.0, "percent_covered_display": "0", "missing_lines": 1, "excluded_lines": 0, "percent_statements_covered": 0.0, "percent_statements_covered_display": "0"}, "missing_lines": [283], "excluded_lines": [], "start_line": 277}, "AsyncIQ_Option.cancel_pending_order": {"executed_lines": [], "summary": {"covered_lines": 0, "num_statements": 1, "percent_covered": 0.0, "percent_covered_display": "0", "missing_lines": 1, "excluded_lines": 0, "percent_statements_covered": 0.0, "percent_statements_covered_display": "0"}, "missing_lines": [291], "excluded_lines": [], "start_line": 290}, "AsyncIQ_Option.cancel_order": {"executed_lines": [296], "summary": {"covered_lines": 1, "num_statements": 1, "percent_covered": 100.0, "percent_covered_display": "100", "missing_lines": 0, "excluded_lines": 0, "percent_statements_covered": 100.0, "percent_statements_covered_display": "100"}, "missing_lines": [], "excluded_lines": [], "start_line": 295}, "AsyncIQ_Option.change_order": {"executed_lines": [306], "summary": {"covered_lines": 1, "num_statements": 1, "percent_covered": 100.0, "percent_covered_display": "100", "missing_lines": 0, "excluded_lines": 0, "percent_statements_covered": 100.0, "percent_statements_covered_display": "100"}, "missing_lines": [], "excluded_lines": [], "start_line": 300}, "AsyncIQ_Option.modify_margin_tp_sl": {"executed_lines": [], "summary": {"covered_lines": 0, "num_statements": 1, "percent_covered": 0.0, "percent_covered_display": "0", "missing_lines": 1, "excluded_lines": 0, "percent_statements_covered": 0.0, "percent_statements_covered_display": "0"}, "missing_lines": [317], "excluded_lines": [], "start_line": 314}, "AsyncIQ_Option.change_auto_margin_call": {"executed_lines": [], "summary": {"covered_lines": 0, "num_statements": 1, "percent_covered": 0.0, "percent_covered_display": "0", "missing_lines": 1, "excluded_lines": 0, "percent_statements_covered": 0.0, "percent_statements_covered_display": "0"}, "missing_lines": [325], "excluded_lines": [], "start_line": 322}, "AsyncIQ_Option.get_order": {"executed_lines": [333], "summary": {"covered_lines": 1, "num_statements": 1, "percent_covered": 100.0, "percent_covered_display": "100", "missing_lines": 0, "excluded_lines": 0, "percent_statements_covered": 100.0, "percent_statements_covered_display": "100"}, "missing_lines": [], "excluded_lines": [], "start_line": 332}, "AsyncIQ_Option.get_async_order": {"executed_lines": [338], "summary": {"covered_lines": 1, "num_statements": 1, "percent_covered": 100.0, "percent_covered_display": "100", "missing_lines": 0, "excluded_lines": 0, "percent_statements_covered": 100.0, "percent_statements_covered_display": "100"}, "missing_lines": [], "excluded_lines": [], "start_line": 335}, "AsyncIQ_Option.get_order_status": {"executed_lines": [], "summary": {"covered_lines": 0, "num_statements": 1, "percent_covered": 0.0, "percent_covered_display": "0", "missing_lines": 1, "excluded_lines": 0, "percent_statements_covered": 0.0, "percent_statements_covered_display": "0"}, "missing_lines": [341], "excluded_lines": [], "start_line": 340}, "AsyncIQ_Option.get_pending": {"executed_lines": [], "summary": {"covered_lines": 0, "num_statements": 1, "percent_covered": 0.0, "percent_covered_display": "0", "missing_lines": 1, "excluded_lines": 0, "percent_statements_covered": 0.0, "percent_statements_covered_display": "0"}, "missing_lines": [346], "excluded_lines": [], "start_line": 345}, "AsyncIQ_Option.get_pending_orders": {"executed_lines": [], "summary": {"covered_lines": 0, "num_statements": 1, "percent_covered": 0.0, "percent_covered_display": "0", "missing_lines": 1, "excluded_lines": 0, "percent_statements_covered": 0.0, "percent_statements_covered_display": "0"}, "missing_lines": [351], "excluded_lines": [], "start_line": 350}, "AsyncIQ_Option.check_binary_order": {"executed_lines": [], "summary": {"covered_lines": 0, "num_statements": 1, "percent_covered": 0.0, "percent_covered_display": "0", "missing_lines": 1, "excluded_lines": 0, "percent_statements_covered": 0.0, "percent_statements_covered_display": "0"}, "missing_lines": [356], "excluded_lines": [], "start_line": 355}, "AsyncIQ_Option.reconcile_missed_results": {"executed_lines": [], "summary": {"covered_lines": 0, "num_statements": 1, "percent_covered": 0.0, "percent_covered_display": "0", "missing_lines": 1, "excluded_lines": 0, "percent_statements_covered": 0.0, "percent_statements_covered_display": "0"}, "missing_lines": [361], "excluded_lines": [], "start_line": 360}, "AsyncIQ_Option.get_instruments": {"executed_lines": [368], "summary": {"covered_lines": 1, "num_statements": 1, "percent_covered": 100.0, "percent_covered_display": "100", "missing_lines": 0, "excluded_lines": 0, "percent_statements_covered": 100.0, "percent_statements_covered_display": "100"}, "missing_lines": [], "excluded_lines": [], "start_line": 367}, "AsyncIQ_Option.get_blitz_instruments": {"executed_lines": [], "summary": {"covered_lines": 0, "num_statements": 1, "percent_covered": 0.0, "percent_covered_display": "0", "missing_lines": 1, "excluded_lines": 0, "percent_statements_covered": 0.0, "percent_statements_covered_display": "0"}, "missing_lines": [371], "excluded_lines": [], "start_line": 370}, "AsyncIQ_Option.get_binary_option_detail": {"executed_lines": [], "summary": {"covered_lines": 0, "num_statements": 1, "percent_covered": 0.0, "percent_covered_display": "0", "missing_lines": 1, "excluded_lines": 0, "percent_statements_covered": 0.0, "percent_statements_covered_display": "0"}, "missing_lines": [374], "excluded_lines": [], "start_line": 373}, "AsyncIQ_Option.get_all_profit": {"executed_lines": [], "summary": {"covered_lines": 0, "num_statements": 1, "percent_covered": 0.0, "percent_covered_display": "0", "missing_lines": 1, "excluded_lines": 0, "percent_statements_covered": 0.0, "percent_statements_covered_display": "0"}, "missing_lines": [379], "excluded_lines": [], "start_line": 378}, "AsyncIQ_Option.get_financial_information": {"executed_lines": [], "summary": {"covered_lines": 0, "num_statements": 1, "percent_covered": 0.0, "percent_covered_display": "0", "missing_lines": 1, "excluded_lines": 0, "percent_statements_covered": 0.0, "percent_statements_covered_display": "0"}, "missing_lines": [382], "excluded_lines": [], "start_line": 381}, "AsyncIQ_Option.get_marginal_balance": {"executed_lines": [], "summary": {"covered_lines": 0, "num_statements": 1, "percent_covered": 0.0, "percent_covered_display": "0", "missing_lines": 1, "excluded_lines": 0, "percent_statements_covered": 0.0, "percent_statements_covered_display": "0"}, "missing_lines": [387], "excluded_lines": [], "start_line": 386}, "AsyncIQ_Option.get_min_leverage": {"executed_lines": [], "summary": {"covered_lines": 0, "num_statements": 1, "percent_covered": 0.0, "percent_covered_display": "0", "missing_lines": 1, "excluded_lines": 0, "percent_statements_covered": 0.0, "percent_statements_covered_display": "0"}, "missing_lines": [392], "excluded_lines": [], "start_line": 391}, "AsyncIQ_Option.get_leader_board": {"executed_lines": [], "summary": {"covered_lines": 0, "num_statements": 1, "percent_covered": 0.0, "percent_covered_display": "0", "missing_lines": 1, "excluded_lines": 0, "percent_statements_covered": 0.0, "percent_statements_covered_display": "0"}, "missing_lines": [404], "excluded_lines": [], "start_line": 396}, "AsyncIQ_Option.get_all_open_time": {"executed_lines": [415], "summary": {"covered_lines": 1, "num_statements": 1, "percent_covered": 100.0, "percent_covered_display": "100", "missing_lines": 0, "excluded_lines": 0, "percent_statements_covered": 100.0, "percent_statements_covered_display": "100"}, "missing_lines": [], "excluded_lines": [], "start_line": 414}, "AsyncIQ_Option.get_candles": {"executed_lines": [418], "summary": {"covered_lines": 1, "num_statements": 1, "percent_covered": 100.0, "percent_covered_display": "100", "missing_lines": 0, "excluded_lines": 0, "percent_statements_covered": 100.0, "percent_statements_covered_display": "100"}, "missing_lines": [], "excluded_lines": [], "start_line": 417}, "AsyncIQ_Option.sync": {"executed_lines": [], "summary": {"covered_lines": 0, "num_statements": 1, "percent_covered": 0.0, "percent_covered_display": "0", "missing_lines": 1, "excluded_lines": 0, "percent_statements_covered": 0.0, "percent_statements_covered_display": "0"}, "missing_lines": [429], "excluded_lines": [], "start_line": 427}, "AsyncIQ_Option.get_server_timestamp": {"executed_lines": [433], "summary": {"covered_lines": 1, "num_statements": 1, "percent_covered": 100.0, "percent_covered_display": "100", "missing_lines": 0, "excluded_lines": 0, "percent_statements_covered": 100.0, "percent_statements_covered_display": "100"}, "missing_lines": [], "excluded_lines": [], "start_line": 431}, "AsyncIQ_Option.get_balance_id": {"executed_lines": [], "summary": {"covered_lines": 0, "num_statements": 1, "percent_covered": 0.0, "percent_covered_display": "0", "missing_lines": 1, "excluded_lines": 0, "percent_statements_covered": 0.0, "percent_statements_covered_display": "0"}, "missing_lines": [436], "excluded_lines": [], "start_line": 435}, "AsyncIQ_Option.get_all_ACTIVES_OPCODE": {"executed_lines": [], "summary": {"covered_lines": 0, "num_statements": 1, "percent_covered": 0.0, "percent_covered_display": "0", "missing_lines": 1, "excluded_lines": 0, "percent_statements_covered": 0.0, "percent_statements_covered_display": "0"}, "missing_lines": [439], "excluded_lines": [], "start_line": 438}, "AsyncIQ_Option.get_all_realtime_candles": {"executed_lines": [], "summary": {"covered_lines": 0, "num_statements": 1, "percent_covered": 0.0, "percent_covered_display": "0", "missing_lines": 1, "excluded_lines": 0, "percent_statements_covered": 0.0, "percent_statements_covered_display": "0"}, "missing_lines": [442], "excluded_lines": [], "start_line": 441}, "": {"executed_lines": [16, 18, 19, 20, 22, 23, 25, 28, 41, 66, 72, 95, 101, 105, 112, 118, 124, 130, 138, 141, 145, 148, 151, 154, 157, 160, 165, 172, 178, 183, 188, 193, 198, 203, 208, 211, 216, 223, 235, 262, 277, 290, 295, 300, 314, 322, 332, 335, 340, 345, 350, 355, 360, 367, 370, 373, 378, 381, 386, 391, 396, 414, 417, 426, 427, 431, 435, 438, 441], "summary": {"covered_lines": 69, "num_statements": 69, "percent_covered": 100.0, "percent_covered_display": "100", "missing_lines": 0, "excluded_lines": 0, "percent_statements_covered": 100.0, "percent_statements_covered_display": "100"}, "missing_lines": [], "excluded_lines": [], "start_line": 1}}, "classes": {"AsyncIQ_Option": {"executed_lines": [57, 58, 62, 68, 69, 70, 80, 81, 82, 86, 87, 91, 97, 107, 108, 110, 120, 126, 139, 143, 167, 194, 227, 246, 269, 296, 306, 333, 338, 368, 415, 418, 433], "summary": {"covered_lines": 33, "num_statements": 71, "percent_covered": 46.478873239436616, "percent_covered_display": "46", "missing_lines": 38, "excluded_lines": 0, "percent_statements_covered": 46.478873239436616, "percent_statements_covered_display": "46"}, "missing_lines": [103, 113, 133, 146, 149, 152, 155, 158, 161, 173, 179, 184, 189, 199, 204, 209, 212, 217, 283, 291, 317, 325, 341, 346, 351, 356, 361, 371, 374, 379, 382, 387, 392, 404, 429, 436, 439, 442], "excluded_lines": [], "start_line": 28}, "": {"executed_lines": [16, 18, 19, 20, 22, 23, 25, 28, 41, 66, 72, 95, 101, 105, 112, 118, 124, 130, 138, 141, 145, 148, 151, 154, 157, 160, 165, 172, 178, 183, 188, 193, 198, 203, 208, 211, 216, 223, 235, 262, 277, 290, 295, 300, 314, 322, 332, 335, 340, 345, 350, 355, 360, 367, 370, 373, 378, 381, 386, 391, 396, 414, 417, 426, 427, 431, 435, 438, 441], "summary": {"covered_lines": 69, "num_statements": 69, "percent_covered": 100.0, "percent_covered_display": "100", "missing_lines": 0, "excluded_lines": 0, "percent_statements_covered": 100.0, "percent_statements_covered_display": "100"}, "missing_lines": [], "excluded_lines": [], "start_line": 1}}}, "iqoptionapi\\backtest\\__init__.py": {"executed_lines": [7], "summary": {"covered_lines": 1, "num_statements": 1, "percent_covered": 100.0, "percent_covered_display": "100", "missing_lines": 0, "excluded_lines": 0, "percent_statements_covered": 100.0, "percent_statements_covered_display": "100"}, "missing_lines": [], "excluded_lines": [], "functions": {"": {"executed_lines": [7], "summary": {"covered_lines": 1, "num_statements": 1, "percent_covered": 100.0, "percent_covered_display": "100", "missing_lines": 0, "excluded_lines": 0, "percent_statements_covered": 100.0, "percent_statements_covered_display": "100"}, "missing_lines": [], "excluded_lines": [], "start_line": 1}}, "classes": {"": {"executed_lines": [7], "summary": {"covered_lines": 1, "num_statements": 1, "percent_covered": 100.0, "percent_covered_display": "100", "missing_lines": 0, "excluded_lines": 0, "percent_statements_covered": 100.0, "percent_statements_covered_display": "100"}, "missing_lines": [], "excluded_lines": [], "start_line": 1}}}, "iqoptionapi\\backtest\\engine.py": {"executed_lines": [9, 11, 12, 14, 15, 17, 18, 21, 22, 23, 24, 25, 26, 30, 31, 34, 35, 36, 37, 38, 39, 40, 41, 42, 46, 47, 50, 51, 52, 53, 54, 55, 59, 60, 61, 63, 64, 65, 67, 68, 69, 71, 73, 74, 75, 79, 80, 85, 86, 87, 88, 89, 90, 91, 92, 96, 97, 102, 103, 104, 105, 108, 109, 110, 114, 115, 120, 121, 123, 126, 127, 128, 129, 130, 132, 136, 137, 142, 143, 144, 145, 146, 147, 148, 149, 150, 154, 155, 160, 161, 162, 163, 164, 165, 166, 167, 168, 169, 173, 174, 176, 177, 179, 180, 181, 182, 183, 184, 185, 187, 188, 192, 193, 195, 196, 198, 199, 200, 201, 202, 203, 204, 206, 207, 213, 230, 240, 241, 244, 245, 248, 249, 252, 256, 261, 262, 263, 264, 265, 266, 270, 287, 288, 289, 290, 293, 294, 296, 299, 300, 303, 304, 307, 308, 310, 3
[...]
5}, "": {"executed_lines": [5, 11], "summary": {"covered_lines": 2, "num_statements": 2, "percent_covered": 100.0, "percent_covered_display": "100", "missing_lines": 0, "excluded_lines": 0, "percent_statements_covered": 100.0, "percent_statements_covered_display": "100"}, "missing_lines": [], "excluded_lines": [], "start_line": 1}}}, "iqoptionapi\\ws\\received\\positions\\__init__.py": {"executed_lines": [], "summary": {"covered_lines": 0, "num_statements": 0, "percent_covered": 100.0, "percent_covered_display": "100", "missing_lines": 0, "excluded_lines": 0, "percent_statements_covered": 100.0, "percent_statements_covered_display": "100"}, "missing_lines": [], "excluded_lines": [], "functions": {"": {"executed_lines": [], "summary": {"covered_lines": 0, "num_statements": 0, "percent_covered": 100.0, "percent_covered_display": "100", "missing_lines": 0, "excluded_lines": 0, "percent_statements_covered": 100.0, "percent_statements_covered_display": "100"}, "missing_lines": [], "excluded_lines": [], "start_line": 1}}, "classes": {"": {"executed_lines": [], "summary": {"covered_lines": 0, "num_statements": 0, "percent_covered": 100.0, "percent_covered_display": "100", "missing_lines": 0, "excluded_lines": 0, "percent_statements_covered": 100.0, "percent_statements_covered_display": "100"}, "missing_lines": [], "excluded_lines": [], "start_line": 1}}}, "iqoptionapi\\ws\\received\\positions\\auto_margin_call_changed.py": {"executed_lines": [3], "summary": {"covered_lines": 1, "num_statements": 5, "percent_covered": 20.0, "percent_covered_display": "20", "missing_lines": 4, "excluded_lines": 0, "percent_statements_covered": 20.0, "percent_statements_covered_display": "20"}, "missing_lines": [4, 5, 6, 7], "excluded_lines": [], "functions": {"auto_margin_call_changed": {"executed_lines": [], "summary": {"covered_lines": 0, "num_statements": 4, "percent_covered": 0.0, "percent_covered_display": "0", "missing_lines": 4, "excluded_lines": 0, "percent_statements_covered": 0.0, "percent_statements_covered_display": "0"}, "missing_lines": [4, 5, 6, 7], "excluded_lines": [], "start_line": 3}, "": {"executed_lines": [3], "summary": {"covered_lines": 1, "num_statements": 1, "percent_covered": 100.0, "percent_covered_display": "100", "missing_lines": 0, "excluded_lines": 0, "percent_statements_covered": 100.0, "percent_statements_covered_display": "100"}, "missing_lines": [], "excluded_lines": [], "start_line": 1}}, "classes": {"": {"executed_lines": [3], "summary": {"covered_lines": 1, "num_statements": 5, "percent_covered": 20.0, "percent_covered_display": "20", "missing_lines": 4, "excluded_lines": 0, "percent_statements_covered": 20.0, "percent_statements_covered_display": "20"}, "missing_lines": [4, 5, 6, 7], "excluded_lines": [], "start_line": 1}}}, "iqoptionapi\\ws\\received\\positions\\history_positions.py": {"executed_lines": [3], "summary": {"covered_lines": 1, "num_statements": 5, "percent_covered": 20.0, "percent_covered_display": "20", "missing_lines": 4, "excluded_lines": 0, "percent_statements_covered": 20.0, "percent_statements_covered_display": "20"}, "missing_lines": [4, 5, 6, 7], "excluded_lines": [], "functions": {"history_positions": {"executed_lines": [], "summary": {"covered_lines": 0, "num_statements": 4, "percent_covered": 0.0, "percent_covered_display": "0", "missing_lines": 4, "excluded_lines": 0, "percent_statements_covered": 0.0, "percent_statements_covered_display": "0"}, "missing_lines": [4, 5, 6, 7], "excluded_lines": [], "start_line": 3}, "": {"executed_lines": [3], "summary": {"covered_lines": 1, "num_statements": 1, "percent_covered": 100.0, "percent_covered_display": "100", "missing_lines": 0, "excluded_lines": 0, "percent_statements_covered": 100.0, "percent_statements_covered_display": "100"}, "missing_lines": [], "excluded_lines": [], "start_line": 1}}, "classes": {"": {"executed_lines": [3], "summary": {"covered_lines": 1, "num_statements": 5, "percent_covered": 20.0, "percent_covered_display": "20", "missing_lines": 4, "excluded_lines": 0, "percent_statements_covered": 20.0, "percent_statements_covered_display": "20"}, "missing_lines": [4, 5, 6, 7], "excluded_lines": [], "start_line": 1}}}, "iqoptionapi\\ws\\received\\positions\\marginal_balance.py": {"executed_lines": [5, 10], "summary": {"covered_lines": 2, "num_statements": 12, "percent_covered": 16.666666666666668, "percent_covered_display": "17", "missing_lines": 10, "excluded_lines": 0, "percent_statements_covered": 16.666666666666668, "percent_statements_covered_display": "17"}, "missing_lines": [11, 12, 15, 16, 18, 19, 21, 22, 25, 26], "excluded_lines": [], "functions": {"MarginalBalance.__call__": {"executed_lines": [], "summary": {"covered_lines": 0, "num_statements": 10, "percent_covered": 0.0, "percent_covered_display": "0", "missing_lines": 10, "excluded_lines": 0, "percent_statements_covered": 0.0, "percent_statements_covered_display": "0"}, "missing_lines": [11, 12, 15, 16, 18, 19, 21, 22, 25, 26], "excluded_lines": [], "start_line": 10}, "": {"executed_lines": [5, 10], "summary": {"covered_lines": 2, "num_statements": 2, "percent_covered": 100.0, "percent_covered_display": "100", "missing_lines": 0, "excluded_lines": 0, "percent_statements_covered": 100.0, "percent_statements_covered_display": "100"}, "missing_lines": [], "excluded_lines": [], "start_line": 1}}, "classes": {"MarginalBalance": {"executed_lines": [], "summary": {"covered_lines": 0, "num_statements": 10, "percent_covered": 0.0, "percent_covered_display": "0", "missing_lines": 10, "excluded_lines": 0, "percent_statements_covered": 0.0, "percent_statements_covered_display": "0"}, "missing_lines": [11, 12, 15, 16, 18, 19, 21, 22, 25, 26], "excluded_lines": [], "start_line": 5}, "": {"executed_lines": [5, 10], "summary": {"covered_lines": 2, "num_statements": 2, "percent_covered": 100.0, "percent_covered_display": "100", "missing_lines": 0, "excluded_lines": 0, "percent_statements_covered": 100.0, "percent_statements_covered_display": "100"}, "missing_lines": [], "excluded_lines": [], "start_line": 1}}}, "iqoptionapi\\ws\\received\\positions\\overnight_fee.py": {"executed_lines": [3, 8, 9, 11], "summary": {"covered_lines": 4, "num_statements": 14, "percent_covered": 28.571428571428573, "percent_covered_display": "29", "missing_lines": 10, "excluded_lines": 0, "percent_statements_covered": 28.571428571428573, "percent_statements_covered_display": "29"}, "missing_lines": [12, 13, 14, 15, 16, 17, 18, 21, 23, 24], "excluded_lines": [], "functions": {"OvernightFee.__init__": {"executed_lines": [9], "summary": {"covered_lines": 1, "num_statements": 1, "percent_covered": 100.0, "percent_covered_display": "100", "missing_lines": 0, "excluded_lines": 0, "percent_statements_covered": 100.0, "percent_statements_covered_display": "100"}, "missing_lines": [], "excluded_lines": [], "start_line": 8}, "OvernightFee.__call__": {"executed_lines": [], "summary": {"covered_lines": 0, "num_statements": 10, "percent_covered": 0.0, "percent_covered_display": "0", "missing_lines": 10, "excluded_lines": 0, "percent_statements_covered": 0.0, "percent_statements_covered_display": "0"}, "missing_lines": [12, 13, 14, 15, 16, 17, 18, 21, 23, 24], "excluded_lines": [], "start_line": 11}, "": {"executed_lines": [3, 8, 11], "summary": {"covered_lines": 3, "num_statements": 3, "percent_covered": 100.0, "percent_covered_display": "100", "missing_lines": 0, "excluded_lines": 0, "percent_statements_covered": 100.0, "percent_statements_covered_display": "100"}, "missing_lines": [], "excluded_lines": [], "start_line": 1}}, "classes": {"OvernightFee": {"executed_lines": [9], "summary": {"covered_lines": 1, "num_statements": 11, "percent_covered": 9.090909090909092, "percent_covered_display": "9", "missing_lines": 10, "excluded_lines": 0, "percent_statements_covered": 9.090909090909092, "percent_statements_covered_display": "9"}, "missing_lines": [12, 13, 14, 15, 16, 17, 18, 21, 23, 24], "excluded_lines": [], "start_line": 3}, "": {"executed_lines": [3, 8, 11], "summary": {"covered_lines": 3, "num_statements": 3, "percent_covered": 100.0, "percent_covered_display": "100", "missing_lines": 0, "excluded_lines": 0, "percent_statements_covered": 100.0, "percent_statements_covered_display": "100"}, "missing_lines": [], "excluded_lines": [], "start_line": 1}}}, "iqoptionapi\\ws\\received\\positions\\portfolio_get_positions.py": {"executed_lines": [3, 6], "summary": {"covered_lines": 2, "num_statements": 5, "percent_covered": 40.0, "percent_covered_display": "40", "missing_lines": 3, "excluded_lines": 0, "percent_statements_covered": 40.0, "percent_statements_covered_display": "40"}, "missing_lines": [7, 8, 9], "excluded_lines": [], "functions": {"portfolio_get_positions": {"executed_lines": [], "summary": {"covered_lines": 0, "num_statements": 3, "percent_covered": 0.0, "percent_covered_display": "0", "missing_lines": 3, "excluded_lines": 0, "percent_statements_covered": 0.0, "percent_statements_covered_display": "0"}, "missing_lines": [7, 8, 9], "excluded_lines": [], "start_line": 6}, "": {"executed_lines": [3, 6], "summary": {"covered_lines": 2, "num_statements": 2, "percent_covered": 100.0, "percent_covered_display": "100", "missing_lines": 0, "excluded_lines": 0, "percent_statements_covered": 100.0, "percent_statements_covered_display": "100"}, "missing_lines": [], "excluded_lines": [], "start_line": 1}}, "classes": {"": {"executed_lines": [3, 6], "summary": {"covered_lines": 2, "num_statements": 5, "percent_covered": 40.0, "percent_covered_display": "40", "missing_lines": 3, "excluded_lines": 0, "percent_statements_covered": 40.0, "percent_statements_covered_display": "40"}, "missing_lines": [7, 8, 9], "excluded_lines": [], "start_line": 1}}}, "iqoptionapi\\ws\\received\\positions\\position.py": {"executed_lines": [3], "summary": {"covered_lines": 1, "num_statements": 5, "percent_covered": 20.0, "percent_covered_display": "20", "missing_lines": 4, "excluded_lines": 0, "percent_statements_covered": 20.0, "percent_statements_covered_display": "20"}, "missing_lines": [4, 5, 6, 7], "excluded_lines": [], "functions": {"position": {"executed_lines": [], "summary": {"covered_lines": 0, "num_statements": 4, "percent_covered": 0.0, "percent_covered_display": "0", "missing_lines": 4, "excluded_lines": 0, "percent_statements_covered": 0.0, "percent_statements_covered_display": "0"}, "missing_lines": [4, 5, 6, 7], "excluded_lines": [], "start_line": 3}, "": {"executed_lines": [3], "summary": {"covered_lines": 1, "num_statements": 1, "percent_covered": 100.0, "percent_covered_display": "100", "missing_lines": 0, "excluded_lines": 0, "percent_statements_covered": 100.0, "percent_statements_covered_display": "100"}, "missing_lines": [], "excluded_lines": [], "start_line": 1}}, "classes": {"": {"executed_lines": [3], "summary": {"covered_lines": 1, "num_statements": 5, "percent_covered": 20.0, "percent_covered_display": "20", "missing_lines": 4, "excluded_lines": 0, "percent_statements_covered": 20.0, "percent_statements_covered_display": "20"}, "missing_lines": [4, 5, 6, 7], "excluded_lines": [], "start_line": 1}}}, "iqoptionapi\\ws\\received\\positions\\position_changed.py": {"executed_lines": [5, 7, 10, 13, 14, 15, 16, 18, 19, 21, 22, 23, 24, 27, 29, 33, 34, 38, 39, 42, 43, 45, 46, 48, 49, 52, 53, 54, 57, 60, 61, 63, 64, 65, 67, 70, 71, 72, 73, 74, 77, 78, 79, 80, 82, 83, 84, 86], "summary": {"covered_lines": 48, "num_statements": 59, "percent_covered": 81.35593220338983, "percent_covered_display": "81", "missing_lines": 11, "excluded_lines": 0, "percent_statements_covered": 81.35593220338983, "percent_statements_covered_display": "81"}, "missing_lines": [25, 30, 31, 35, 36, 50, 58, 66, 68, 88, 89], "excluded_lines": [], "functions": {"PositionChanged.__call__": {"executed_lines": [14, 15, 16, 18, 19, 21, 22, 23, 24, 27, 29, 33, 34, 38, 39, 42, 43, 45, 46, 48, 49, 52, 53, 54, 57, 60, 61, 63, 64, 65, 67, 70, 71, 72, 73, 74, 77, 78, 79, 80, 82, 83, 84, 86], "summary": {"covered_lines": 44, "num_statements": 55, "percent_covered": 80.0, "percent_covered_display": "80", "missing_lines": 11, "excluded_lines": 0, "percent_statements_covered": 80.0, "percent_statements_covered_display": "80"}, "missing_lines": [25, 30, 31, 35, 36, 50, 58, 66, 68, 88, 89], "excluded_lines": [], "start_line": 13}, "": {"executed_lines": [5, 7, 10, 13], "summary": {"covered_lines": 4, "num_statements": 4, "percent_covered": 100.0, "percent_covered_display": "100", "missing_lines": 0, "excluded_lines": 0, "percent_statements_covered": 100.0, "percent_statements_covered_display": "100"}, "missing_lines": [], "excluded_lines": [], "start_line": 1}}, "classes": {"PositionChanged": {"executed_lines": [14, 15, 16, 18, 19, 21, 22, 23, 24, 27, 29, 33, 34, 38, 39, 42, 43, 45, 46, 48, 49, 52, 53, 54, 57, 60, 61, 63, 64, 65, 67, 70, 71, 72, 73, 74, 77, 78, 79, 80, 82, 83, 84, 86], "summary": {"covered_lines": 44, "num_statements": 55, "percent_covered": 80.0, "percent_covered_display": "80", "missing_lines": 11, "excluded_lines": 0, "percent_statements_covered": 80.0, "percent_statements_covered_display": "80"}, "missing_lines": [25, 30, 31, 35, 36, 50, 58, 66, 68, 88, 89], "excluded_lines": [], "start_line": 10}, "": {"executed_lines": [5, 7, 10, 13], "summary": {"covered_lines": 4, "num_statements": 4, "percent_covered": 100.0, "percent_covered_display": "100", "missing_lines": 0, "excluded_lines": 0, "percent_statements_covered": 100.0, "percent_statements_covered_display": "100"}, "missing_lines": [], "excluded_lines": [], "start_line": 1}}}, "iqoptionapi\\ws\\received\\positions\\position_closed.py": {"executed_lines": [4, 6, 11], "summary": {"covered_lines": 3, "num_statements": 24, "percent_covered": 12.5, "percent_covered_display": "12", "missing_lines": 21, "excluded_lines": 0, "percent_statements_covered": 12.5, "percent_statements_covered_display": "12"}, "missing_lines": [12, 13, 16, 17, 20, 21, 23, 24, 27, 28, 29, 32, 33, 34, 37, 38, 41, 42, 43, 50, 51], "excluded_lines": [], "functions": {"PositionClosed.__call__": {"executed_lines": [], "summary": {"covered_lines": 0, "num_statements": 21, "percent_covered": 0.0, "percent_covered_display": "0", "missing_lines": 21, "excluded_lines": 0, "percent_statements_covered": 0.0, "percent_statements_covered_display": "0"}, "missing_lines": [12, 13, 16, 17, 20, 21, 23, 24, 27, 28, 29, 32, 33, 34, 37, 38, 41, 42, 43, 50, 51], "excluded_lines": [], "start_line": 11}, "": {"executed_lines": [4, 6, 11], "summary": {"covered_lines": 3, "num_statements": 3, "percent_covered": 100.0, "percent_covered_display": "100", "missing_lines": 0, "excluded_lines": 0, "percent_statements_covered": 100.0, "percent_statements_covered_display": "100"}, "missing_lines": [], "excluded_lines": [], "start_line": 1}}, "classes": {"PositionClosed": {"executed_lines": [], "summary": {"covered_lines": 0, "num_statements": 21, "percent_covered": 0.0, "percent_covered_display": "0", "missing_lines": 21, "excluded_lines": 0, "percent_statements_covered": 0.0, "percent_statements_covered_display": "0"}, "missing_lines": [12, 13, 16, 17, 20, 21, 23, 24, 27, 28, 29, 32, 33, 34, 37, 38, 41, 42, 43, 50, 51], "excluded_lines": [], "start_line": 6}, "": {"executed_lines": [4, 6, 11], "summary": {"covered_lines": 3, "num_statements": 3, "percent_covered": 100.0, "percent_covered_display": "100", "missing_lines": 0, "excluded_lines": 0, "percent_statements_covered": 100.0, "percent_statements_covered_display": "100"}, "missing_lines": [], "excluded_lines": [], "start_line": 1}}}, "iqoptionapi\\ws\\received\\positions\\position_history.py": {"executed_lines": [3], "summary": {"covered_lines": 1, "num_statements": 5, "percent_covered": 20.0, "percent_covered_display": "20", "missing_lines": 4, "excluded_lines": 0, "percent_statements_covered": 20.0, "percent_statements_covered_display": "20"}, "missing_lines": [4, 5, 6, 7], "excluded_lines": [], "functions": {"position_history": {"executed_lines": [], "summary": {"covered_lines": 0, "num_statements": 4, "percent_covered": 0.0, "percent_covered_display": "0", "missing_lines": 4, "excluded_lines": 0, "percent_statements_covered": 0.0, "percent_statements_covered_display": "0"}, "missing_lines": [4, 5, 6, 7], "excluded_lines": [], "start_line": 3}, "": {"executed_lines": [3], "summary": {"covered_lines": 1, "num_statements": 1, "percent_covered": 100.0, "percent_covered_display": "100", "missing_lines": 0, "excluded_lines": 0, "percent_statements_covered": 100.0, "percent_statements_covered_display": "100"}, "missing_lines": [], "excluded_lines": [], "start_line": 1}}, "classes": {"": {"executed_lines": [3], "summary": {"covered_lines": 1, "num_statements": 5, "percent_covered": 20.0, "percent_covered_display": "20", "missing_lines": 4, "excluded_lines": 0, "percent_statements_covered": 20.0, "percent_statements_covered_display": "20"}, "missing_lines": [4, 5, 6, 7], "excluded_lines": [], "start_line": 1}}}, "iqoptionapi\\ws\\received\\positions\\positions.py": {"executed_lines": [1], "summary": {"covered_lines": 1, "num_statements": 5, "percent_covered": 20.0, "percent_covered_display": "20", "missing_lines": 4, "excluded_lines": 0, "percent_statements_covered": 20.0, "percent_statements_covered_display": "20"}, "missing_lines": [2, 3, 4, 5], "excluded_lines": [], "functions": {"positions": {"executed_lines": [], "summary": {"covered_lines": 0, "num_statements": 4, "percent_covered": 0.0, "percent_covered_display": "0", "missing_lines": 4, "excluded_lines": 0, "percent_statements_covered": 0.0, "percent_statements_covered_display": "0"}, "missing_lines": [2, 3, 4, 5], "excluded_lines": [], "start_line": 1}, "": {"executed_lines": [1], "summary": {"covered_lines": 1, "num_statements": 1, "percent_covered": 100.0, "percent_covered_display": "100", "missing_lines": 0, "excluded_lines": 0, "percent_statements_covered": 100.0, "percent_statements_covered_display": "100"}, "missing_lines": [], "excluded_lines": [], "start_line": 1}}, "classes": {"": {"executed_lines": [1], "summary": {"covered_lines": 1, "num_statements": 5, "percent_covered": 20.0, "percent_covered_display": "20", "missing_lines": 4, "excluded_lines": 0, "percent_statements_covered": 20.0, "percent_statements_covered_display": "20"}, "missing_lines": [2, 3, 4, 5], "excluded_lines": [], "start_line": 1}}}, "iqoptionapi\\ws\\received\\positions\\tpsl_changed.py": {"executed_lines": [3], "summary": {"covered_lines": 1, "num_statements": 5, "percent_covered": 20.0, "percent_covered_display": "20", "missing_lines": 4, "excluded_lines": 0, "percent_statements_covered": 20.0, "percent_statements_covered_display": "20"}, "missing_lines": [4, 5, 6, 7], "excluded_lines": [], "functions": {"tpsl_changed": {"executed_lines": [], "summary": {"covered_lines": 0, "num_statements": 4, "percent_covered": 0.0, "percent_covered_display": "0", "missing_lines": 4, "excluded_lines": 0, "percent_statements_covered": 0.0, "percent_statements_covered_display": "0"}, "missing_lines": [4, 5, 6, 7], "excluded_lines": [], "start_line": 3}, "": {"executed_lines": [3], "summary": {"covered_lines": 1, "num_statements": 1, "percent_covered": 100.0, "percent_covered_display": "100", "missing_lines": 0, "excluded_lines": 0, "percent_statements_covered": 100.0, "percent_statements_covered_display": "100"}, "missing_lines": [], "excluded_lines": [], "start_line": 1}}, "classes": {"": {"executed_lines": [3], "summary": {"covered_lines": 1, "num_statements": 5, "percent_covered": 20.0, "percent_covered_display": "20", "missing_lines": 4, "excluded_lines": 0, "percent_statements_covered": 20.0, "percent_statements_covered_display": "20"}, "missing_lines": [4, 5, 6, 7], "excluded_lines": [], "start_line": 1}}}}, "totals": {"covered_lines": 4580, "num_statements": 7499, "percent_covered": 61.07480997466329, "percent_covered_display": "61", "missing_lines": 2919, "excluded_lines": 14, "percent_statements_covered": 61.07480997466329, "percent_statements_covered_display": "61"}}